1,fadfafefcef,eaeccaacabf,-8171163025186993040
2,fdeabdaafacceeb,cfdedfabfaaeed,-9164877047462868742
3,cfecbefbacfbeaf,fddcdfdefffbe,2589584246191178196
4,ffcdbceadbf,decfaacdcee,5221682829484379946
5,ccbdeabffecaac,decacbcf,3935408618043885548
6,ebdfabde,bebefbacaabcc,8873662348151965935
7,fdfffabbbcddcbe,bcebdfaedbfd,-5217600425018046447
8,dececedec,ddcbaabfdbfcff,-2947363670005364862
9,cbafbeaabbd,cfefabdaffbdd,-3964999117995750734
10,bdedbfabdcefed,ebdeaebadc,1722267947849631557
11,accbcebcfabfdc,cabfcaebee,6210847254676588108
12,febceaebddbb,dddceafccdb,-7075140511464537194
13,afafacdacddfaf,adeadaabdabaacd,-6596684374565630558
14,fcfcddadddece,abcefdcfd,-6361782215810005656
15,cdffffcbee,ffeedaaaaadfda,3681397974418867930
16,fafaaebcbeb,ccfdefffbbbdbaaef,-4022734955900284941
17,eceaaaeffeeeacb,cabbaabceea,1543708531857443361
18,aefefcefbbbc,febfeefccafbccaa,-942385579726648124
19,fbdaeeaedabb,bfdaeccee,8432789142929426211
20,fadcceaaccfffebdb,eeeafddeddd,6982361629419913754
21,abbcbfabf,faefedbddecbdadff,-364811999947764450
22,bfbbdaebebcedcaefffe,abddbddfec,-8501259594514610664
23,fcedad,dcddafcdc,8461481362100930160
24,eeaeddebaaad,fdffcbbcdefefc,-626721562843722668
25,bffeabcfe,acddcafdebdcedad,4155928398674870853
26,aaadbeabdfdde,dbbbccfadae,-2638622049802433294
27,abdfbadaf,afbfdceadafcbbc,-6702484556661374675
28,bffdafeadfebcddfbaad,bdbdabdffddb,-4813306416880595583
29,ecfbfccedcddb,bfdedcdabadeee,4322865021504866653
30,bdccbfadafc,ebdfceeeeeb,-1627117464276808475
31,ecdfdacfeabcee,bccabcec,1396886395906966617
32,efefaae,ebafedfaefcd,9100552601908825503
33,eedaafcbedafdaacf,edeadfdade,9138188713697101344
34,aeecfcccbcbdcdb,accfaadfbaceeaead,-6044681629004249573
35,cdbadcbbeecffaeb,fefbabbacbfbba,6193120118782312586
36,dbcfcbaedeecdac,afbbbaefcad,-5784949000734818042
37,bfacefbecde,bedabaaefecf,8124164195112995454
38,bbdffabbcdabcfa,fcfcfbfd,-748717953605680604
39,eafcabbabc,bffeaccfac,-8625705821693065595
40,daeadaabccbcff,dbddfdeacdf,2122049086635724756
41,acfcffbebd,ceeddbdbdbcccec,-4070904083205372204
42,fcfbcdfabede,ecddaeaaaedcb,-1380961665932639488
43,ccbdfccc,bdfdbebdcceaaafb,2005225199536196413
44,abfefabada,ffefcdfbccdfebe,-8073196702983237805
45,affcaffbcdd,faffeedfbeed,3755914121029567799
46,bbcaeeaeaebcfdbe,cbeffbdeefacecfab,-3751503568526557102
47,debccfbfedaa,ddedacbdfddf,3286882157850806979
48,deecafdcbbdbecebf,faebebdcebeaaeddada,-1059912997960595762
49,bcaacbbb,ebbcabceaead,9107557659648477605
50,cbbbafcadbda,fcfefcbeffedaac,-263158628260819821
51,bccabdabbaaa,aeffddfdfa,3059379142701957585
52,efaabbdb,bcabbbacbce,411296280174346889
53,fcbedbbeadaddf,cdbeaeefdbcac,4885770827245502937
54,dcfeafacdaca,eeddfcfac,6372847934913724887
55,aaaebefcba,bcaccdcbeedadefdb,-5317030781735122098
56,eccecaefbfacbbf,ebbabeaefaadb,-8975233091249749826
57,aacaafaaeccefb,deecfbead,-2434793608609510432
58,fcdbaaaaccfac,ebeecaabfabd,5828785446122835484
59,acaabdfeec,daffefadbbfebcca,-3340546091200329006
60,dafbcabc,bcfccffbbeaef,4160205637185128706
61,cdafebeffdcccff,ccdccaadffc,-3685043730653297606
62,abafddbddaedc,ccdebbea,307683222781906571
63,eeccafecbb,ffbebfdadfeacf,-638262737879678211
64,ecdddceebeb,edbffcfeeccd,-2130894141129997836
65,cfcefeacfafcef,cebeabaccbecf,-8016391575432838790
66,cfdbcdeea,eeddeddbacf,-1761448287356238079
67,cafcebbefdbcc,fbeacbb,-8794232781087095389
68,bfaadbfdaf,fbcbadbeaffe,6944472752182871051
69,ddffcfbfdcea,fecdfaabcebefdb,4683406334323344201
70,bfeafcbddbfbcc,fdcfbbddedff,-161403685677871656
71,bcacdfaebdffaacda,edaaabbcaeacb,-1783419020047662431
72,aebbbddeaa,cdcdaacdebfd,-3639796456750429164
73,cabacfbbdbcbafedab,afccdeadbeadbea,-6846577364657420178
74,fbcbeaefccfc,fcfbdfcec,5779900615641481595
75,eacecabacace,bbbcffced,4644056196975840180
76,aeafaeabacaa,cdaaadfaabcd,6323772585551741453
77,abcdeeddbdaeabd,bbefdbaddcceffb,-5533662161463587529
78,bebccafabad,dddfbaeefd,-3353651076074747723
79,bbfbbfafeaafd,aaceabdaecabb,-8023073424382800278
80,feacabdbcbace,debccaecffd,-3076502340941758264
81,aaaefac,feabfbdbfceb,6845508725516487047
82,accbafcee,cadeafeffce,2033846949059447367
83,bffbcfabcfcbbaf,aebdcebaec,-5866501454745746988
84,cddedbba,abcbedae,3720173910738748609
85,daaafbcceefd,debcaaebfafdc,-2960057400098666482
86,ccbfadebfdcfbba,ceabafaacdfedfd,4389514992267052138
87,ffbfcfcff,aacbcdccccdb,624523413592754636
88,bcbcaabee,fdecdbbadfdbed,9160555736643227067
89,cbfbbbbbfb,aebcfedfdaacaabec,-6392882156818051267
90,fbfdedadaaaa,cfaefdfbfdfcdbc,-7942362206048858833
91,cadabeecbaef,cbacdeae,-4499007893597041822
92,faaffcadbfe,ccfaafface,2028909904877210115
93,afebcdfafadbe,caededeafacda,6396132838228381305
94,ccafcfbabafee,bbfaabdbbdeafda,-5180507916739064485
95,adefaf,cbebafbadbd,-4199713645897105133
96,ebedafbcaffcdbcdd,deabcdadbf,5854923708760671172
97,bbbbbdccdcbacd,dfbebeabaabeabef,-8245262435608080706
98,cafeaadeeeee,ffafebdfdcbcb,-436828042750308715
99,feecfafabdaee,afdcdadecfd,-6398112096560263731
100,aadcaeeac,bcfefeaaffe,3536658354207412192
101,cdaeddbdbccccaecb,acaebbcaefeffb,-6034068635666857963
102,aafbbaebed,bfdbdaafaedbe,2016846495526440310
103,fcbbaaddfaced,fccccadfcee,-6950881077548006198
104,edacadfdd,ffecfecccdbccdd,-49965137288609337
105,bfbdabbba,fdddbbecccbdc,9212209234615682225
106,effafbdacbee,bcfaaeafacddfea,-4864086995037174498
107,adffecbdecb,acafccecbc,-7341826511268199562
108,bdeddedbc,bdebc,8168360091063763689
109,fcecacca,ddfaecbb,-3179630876945725578
110,aedfaaaedbf,aabddeafb,6490691021732135851
111,ddccafcfabeded,aebeccaaebafcb,3089763355872478533
112,baebcabaecde,abecaaddfddfb,-6380840406083681630
113,caabaeafefcaaf,faddaadfeac,-772356144203544832
114,fcbbcaddffdfdc,edbeaaffe,5279153267819823520
115,aeeceeaffb,efdcbcfdbefdd,5783798899734826088
116,fbffdbfbbdca,fdefefbeada,-605719517080629466
117,ebedaaff,dceeadaadbbcaf,5561082012505033124
118,acfedcfdeadf,bedafaebf,-4749554743148133935
119,cbaefcaebcfeeb,fecbbecc,6121835415130688260
120,cfabbcabddbaaff,ededeabcbdd,7928535780168452135
121,deafbacbbeeb,cbabddaa,7807877997944588381
122,dacdcfdeaedd,deccaabbceddacae,-7120536768611727701
123,afdababd,fdeadfdbb,-8116180799006817577
124,decedcbcaafdacb,edceabeefaaee,5253684506169986598
125,caecfcbde,eafcbeffefdae,7937771347747161849
126,acbaabdecdda,fdfcecbbcbf,6482735536537749481
127,ecadbed,ffdaeacdaadcddbb,8069705312097619162
128,efafeacdef,ddedafafaaacbefd,-3373969015073779793
129,bebfcbbcddf,fdacbfbea,4833892084820231570
130,ebbcfdbab,afeaa,-6671798682439827455
131,faadddabaecd,adbdddbbdbd,-8546233851468035619
132,cbaeeeddcd,fbeefafaebcfcef,9171980786113070863
133,edcfaeeaccbded,bccacdfabccfac,-7810424516234424486
134,daebafaecef,affcacabbbcf,7678633081548785450
135,fddbefeaeb,ebbcfaecaba,2442767542977775292
136,dcddabaaaeaaea,aecdcfddffc,-8022783066189512195
137,bddfaeddafdf,ddbaacaacecb,6717639425855735461
138,aeafdbecfcffb,caccffcaedacd,5521769714629430324
139,aadeeeaeff,ccfbeeadaaffbdd,8344203617437306541
140,febadcfcca,daefecbddfceff,5104363478398029804
141,bbaabcadb,dcfabdfdcfeb,7387264017872668258
142,bcabccfaaccce,efcdcdff,-1587460108284574823
143,ceacfcfebecb,dffcfbefccfdae,1470952992864223840
144,acf,bbaefbffacceaa,-7731172703944160943
145,ffddfabbac,dbecdaeccfd,9041111727765734615
146,ddcefbebaabd,ceafaefbcefcb,7225395742178428153
147,ccbdfeaccefe,abeaebeaccff,-6111802324585199645
148,cabadbfedf,fabbafaef,-403769726380456855
149,babaddaceebf,ccaadbdcec,-3941721037816052579
150,bbacedddaadde,afbfdfeddad,-5786438024960326557
151,beaeafaabbbbecaafcad,addbdfbbccce,-6883801489131682346
152,eeabababeef,eafebfeeacbf,-7050532545184382175
153,aacfce,afbbbdbecdfb,-5786539790347058215
154,cedbfefdeccf,afbaecebf,-5793966589403709080
155,debcedaccebccead,cbaadfca,-4144621556269170108
156,dacefccbcddeaabb,eccbbabebc,7980801906198463652
157,eedfcacfabfbe,faacceaebdfd,-6941651776309082810
158,ebcfdfdfaecededca,bdedfeaba,-8627725787657384592
159,efdceafbfaeaa,feefebfbbedd,-488290304123777354
160,fedddfabbefa,cbebeaaaeadaaecc,4353832853600618723
161,aeeacaccfbb,cacefc,5116185007418984129
162,dbddacbdbe,fdceaabcffc,-6988291582737494366
163,bdebcabbaeedc,acafcbacdabcf,755485950534437628
164,fbcaebbaafeeddd,beeedfdeaafaed,-4688742670674342375
165,dfbbfdbabcabffcfadd,debecfafbacdda,2724936840602799151
166,abdcfccbbbacf,dcdfaccdffcfb,3257172711675347767
167,bfeeccdacbcbe,afaaacade,1157533084346959157
168,cdebaafcdbafddbabc,efbfcebbabaaf,-1171145075561117343
169,ecddebabaedee,bfbececdeccf,-5170212721156405232
170,cefcdcecedfdebfd,dbbbbbd,690691469351798296
171,afbbaaecadca,eefbfbafeacdbde,5685502248234927102
172,adcaeddcacbc,deeffbfdf,8656429904333852663
173,bdfedaffdeccdbf,bdebaebddedbadb,8696686269932456878
174,cecbacccbaeaf,adffbbdeaca,-8744442169500155333
175,badbefdeedddfac,adebeebfaeb,-6820950233904233490
176,effffbabdebdf,eeacdbfccaab,8350921296286074326
177,faaeebfcfdbad,fffabbbfbceb,511052132704209769
178,fcfceeeaabb,cbdafeaba,6666536380460253351
179,cecfdfbdbbae,bbdccbdbcfb,-7227757760517748291
180,faefaaced,adbabffbba,8548061252762682506
181,bfdcacaeebdafb,fbaeaaeb,6121043390126769970
182,adbafaaedaea,ccbbecfebbcfadee,-4498591097726154721
183,deaaecad,defddeffca,6764529618648383701
184,afbbadfbfbfbcaebafd,dfcebddddecce,-2925092244812379939
185,baceadefba,ebfcfab,5630553997300617092
186,efeebefac,eccecbccdedcbdabdd,8638685412535322768
187,acffefaecebdab,ebbecdfdeb,-8798983151498998132
188,cdeaaaefdbbd,cdfabadedabfafc,-4081096940454655059
189,cfaeeacfdc,cccabadafaabec,3172166294408677672
190,edbfdbcaecf,efbdadeaafdfcaec,1613115214487965306
191,ffdeadc,aceebbebc,7692486951887259392
192,feaebcdfbbfece,adcabeacaefa,-5945831707047345592
193,ddbefaccefae,edbbaaabceadccb,670510012203417770
194,defaabbbbaf,eacdddecbfbeb,-1795429036296221204
195,bbeffbddece,adccaaaaeabdcfdb,8303074004495779242
196,dadddadebbd,befaeadeadbccf,-4737885854794365635
197,cecfededebcccebdee,facaaabadacdea,-601017626272317385
198,bdabbabfbbf,baedeedcde,-5741345892410241433
199,dcbbcabacde,bdcfeadbfbcdc,5025401342361092185
200,dedaaeddc,fbfeffcfec,40400892257191919
201,ebaaccfcac,fbadccebacb,612250019997502670
202,ccbcbabebdcbb,faadebef,5693017231699755998
203,babeaaedafbde,dcefaea,-2971389133951450331
204,beaaeaefece,ebcfbbaefac,-1821639919736240974
205,dcabaebdeeed,fdddbcddb,-7757744108812680088
206,aeffbbdfb,bffcacbdcdfb,5792554567324749628
207,dbcdabeeafefbae,bcffabccdfad,-4893372168373123022
208,cfedacbffcbff,cfcdfbfdfde,2060173156153116803
209,afbbddbec,acaabafcbcd,-6380642955341184345
210,bbefebbcd,bdafebfddfeececdb,7221449086877781869
211,bdddfdeabbaedccddb,eccbbfbfb,5805208945744954408
212,ecfedabddf,ebcafbbdace,7238420604169962177
213,dfeabadbbca,fbbaaefbcfcce,-739977670526087397
214,cffcfdebadfc,abfdaaecdf,3011080643493992
215,feabfcfbbbeda,acefffbcbacaaadcabdec,-5985284611632313654
216,efcbebaafefabaf,abeeedefdbedd,-6504918674244219075
217,caaacdadeffff,feaccad,-6956528820478000317
218,fcdbcabcedaaf,cabbfdcacb,-3915568064035731870
219,eacaadbaef,addbeabebc,-8479190519436459727
220,fadfca,aeebbebacfabdab,-5844182220718584592
221,daebbbebbafbc,cfbaebcebfe,7795859871550752995
222,feedacebeafee,efbecaaea,-1626075723810585044
223,dadcaacffecf,fcefbadcbc,-223667851240519848
224,aadbfebfaccbfe,eafeffeacdafb,3524909172510378471
225,bccbdbbcaeacca,ebefbefb,7488155158810478150
226,aaeaecececedd,abbcfabeacbccbdbc,-8450058984886482772
227,aaccadddaeab,eebfacdcf,-1911611012860722955
228,fbdfaeadcdeec,dbbcdcfdc,-3163291275226431405
229,eeacbefbddcf,aadadacabcbe,-6743443980250233792
230,ccbfadbbfec,dbbaafcc,6258797676277155434
231,caecfaaddafc,affddddf,7217704438911487449
232,aacccbfefacd,bcaacdafcfffbd,2002036970548709245
233,dacbefabadb,eeeabcdbbc,-2238739496636890265
234,ddcbdbccffafc,aadadcdecea,7661070113161430617
235,cadacfb,beebacbfbbfeda,3129459957178056971
236,dcfdceffbcac,aaefcbafcebbbe,5344347261292922730
237,aebfdbdeaef,caeafbedaafdece,-3825131616304476887
238,cadcbfabad,bcbdfbfbcfafeccaac,-4847597509455952822
239,dcacdacabf,fdfbcfdc,-1092581313754939050
240,adbfafeaaaa,ddfefadcdafa,7896241975110553493
241,ddceeabadaacae,addaecfbedecd,-5966287074995255962
242,bafdebcadfeeae,dbbebddcfcd,6720693519835941783
243,cbccdfbc,deefedaf,-8550797213014143464
244,aeaababebcff,cdccfbcbfbaf,-3669444407456479758
245,eabffccaefdb,fbeaacaaceddea,3528779942792021450
246,fabbaabddece,aeaeadbdbce,30082682518457962
247,cecfceaabeebca,fdfbcfadbc,-589602446914533203
248,beecfbfced,decafeceaecda,-3344997412242504443
249,aedfdcdcbbfdfbbd,aedfdcfefcbdcdf,-5845844009842491249
250,acebdfceedda,afcdbaabaceb,7381480808467811655
251,eacaadffaafdf,acdffbbeccfdffeecb,2929254578648992662
252,ebdebdebbfe,baafacabecb,4261560454469470273
253,efaccefaec,bbeabbaccbcd,-4942164604014736501
254,cdaabde,ddebceb,-8516298840669534658
255,edfaeceafffcedca,fdccfffaecebc,4039462562294678047
256,eecaedacdac,efbbfbdbcda,-1221682543819731608
257,cbadafcce,edffaabddabeeb,-2131927411997849734
258,bfcdefcbccecaa,dabbeab,-2711147178758878872
259,ddafdddaeebaba,acccabebb,1702856303405384193
260,dfefcadefbaac,febdfefbabebee,6866140865349896418
261,eccaefadaaaaaebcc,aacdfbefdafaa,-6438439804943775379
262,fffcbdedfbafcbed,bedccbaabebbb,1855154894537442986
263,cdadabfacbab,efcdcbecee,-1903296383405571898
264,dbbacdccbbefbbdb,bdcdecbbcd,5269570817573601504
265,daafcbaeeec,edabeafbabedafbd,-2198590020399116625
266,ebdcfbdbbb,eebfcafbfaecbee,-1246824256698560700
267,afabbcabad,cdadfb,-8992800703083296747
268,becffbdaaebfb,daebfecb,6126616978436475777
269,dbaadaeebf,dfbecdbfbcdeee,-2814349629111579653
270,fcdebaceeef,cdbfaacedaafccdebf,6690963595767728593
271,aececcbeadbade,bcfecebdfafcff,4088413653220213995
272,aaebcbfefabc,cdbfcaaabebe,3542148019561055140
273,dfccacdaedf,afacfdecfabcfa,1631141758545904862
274,febebaadbeffa,fdfebfadebdcdad,4899159841451953641
275,dcbcbedadcd,facafdbcfcd,-681613402874557178
276,bcdfbded,fcedcbabeabaf,1382474032673604153
277,bbcadfadbcffaa,fccdefffadfeacab,-7784247359750322433
278,accbbfbbedfccb,cecbefe,7239539205281563989
279,caeccaddafb,ceefeecbdbfed,399850678675000910
280,edeeeefef,efbdabdaecdabe,-1188802505934880323
281,edadbeecf,fafdfdeb,181257267271124468
282,becfcfccddeb,ccdbaecaafaeef,-4599250840706201837
283,afedabbbfbabaee,aedbabecdeaf,6387203590429819678
284,afffdeefb,bbfbdedbecbdbabfc,-4931710672318870251
285,fbafacce,dafadddedfe,1180520906032761359
286,efdbecaeaabced,ccdacdadeaffe,-3737257775842440826
287,dfbbaddbebaec,aaadcabafd,-6549917934948823608
288,dfddacbdbcdabaec,eacaaeffc,-1584770830829272169
289,baaecffceecd,ceacbccedfef,-4504029153055389612
290,ebbddffabb,ffbadbedfbfbbcad,-19472630645437455
291,facafbbfc,eddeacbcc,2804924745213954117
292,eebcbaffcdea,daccdbbefdd,-7720981050611184271
293,ecccaaedabd,efacfddbfdccbacdfa,-1194914223318284495
294,ffabdefdcaeebdaecfea,bacbaefad,-5398509969168775441
295,becdccabecbae,cdbefbfafdbbc,7043961565027714042
296,bebbebabfcfcac,afdadcbaba,5019395887096614198
297,eacacdbf,ecdafdaedeebbf,9114245123932835550
298,dffceafebe,eabebefbbefbd,5118599026394349819
299,caefdbeb,aebcddeeecadabdceb,-5855790675816198464
300,aceacbfbebbcdcebd,daabcfafed,5850406296417422576
301,defdfddcfefeee,bdaeafcd,-5402910148158468448
302,fafaebebddb,acabbfddfe,-6450103874382379018
303,feefeecbead,deebbabff,2962665892582933783
304,cbbbafcd,eddafedafbffa,-1349434266316027807
305,ebbafed,dbceceaacbfbcfa,-2665548186615855895
306,abceedbaddabd,bcbcbcbcb,324366635788618875
307,fadfcabafbacabde,cffeedffcca,-3499016641779186465
308,afeabff,ecbbdfeddbfa,-1903609440905639841
309,eaecfbddfe,dfdbfeacfc,370660213395900043
310,cfaabacebfadba,bcbfffadbffcbed,-5527002915551621371
311,fcbcfafae,dbdefcbeeedaae,6752434275056238844
312,bfeaecdfdcb,eedbaeafef,-7554349800479243203
313,fdcdffbeffcf,adbdacbaefdaae,-6807237746239913300
314,dfdcbffbeaecebb,fffdbbdffdbc,-579997582750364813
315,bdacaeaeab,dddeddafffdf,-9016812392133341885
316,bbbbfbbebaabfdb,aaabdbfc,8683069211442367146
317,daabbdeaecdf,cedbecac,-4453403755546523315
318,caaedabdead,aceafebcbffc,6529237505389839187
319,fdabddcddafaacddcf,ebfbbacdce,9085366796536923035
320,eddaffeeacaedc,aecfaba,-6852417994519854521
321,efedafccdae,ffddeabbbbeeac,-754364082184696156
322,cbbaaaaeeaf,edaabfdaae,-7953839227125217241
323,cfdfaaaefa,efbcaecfffaaeaac,-2067226296174491514
324,bcfbbfdfabbc,eaaebffbddcd,7583645791651054615
325,afbdfbabadfcbfeb,acdfcedfdf,-8444918490983741352
326,efbaeccbbaf,bfefbeaefdafefdcbc,-4666216317493293155
327,fecbbdbceecdfdfca,eeacdfbdc,3327729434637846239
328,ebaafeabbbfafeced,faaafeaabddb,5059916534779365281
329,acddfebfefdacf,ccbcfecdfdfe,8197890901238632302
330,edbbfaabeee,edafaecb,-2078549663314787673
331,efaeebbbcf,ddbffdfdad,-3285978507953879679
332,adefffbebbfa,ccdeeffacbc,1465864905114535057
333,bbfeaff,facadfadfadf,4121507218354423820
334,bfdefafaaaa,ceffaebbfebfdcdbc,-4472082506381243533
335,acedcac,fabcfdebeff,-889149712011933292
336,addfeebcfccbfac,fffbabfcdcf,-612638742338778476
337,daedeadfbfbfcbeacc,bbaffecdfd,-5747971697503416681
338,fffdfcebaabfde,cebdfadbad,4389634504013202600
339,fceebdea,efadbaaefdeffcbea,7995898844210022811
340,fcfdadbccdebe,dfbecacbeedecdea,-8215847834731788020
341,cdaeedfa,cdeebfdcd,7021970345746645902
342,eaadcbedfdebb,ccdfdeaabacdefb,-4409589994601428073
343,acecebebfddc,fcbbdbbaecb,9206372646493307092
344,cbbfedabcdaec,bbcbebcfdbaecfaf,-4914677629128326115
345,bbaceeaafcca,acbafeffda,-8067424214211738780
346,dbddcebbb,cbcbccabeaeaffad,384715836008451020
347,cebeeaccecf,cdcdccefafcdc,-4508053557358803924
348,bdbbaff,cddcdbabcfcaaab,-4334353876230781766
349,bdaacbfb,cfcfccacaeecfcf,6929008477981658272
350,ffcbadcafdf,fcecfeddcfebde,-222424660291073917
351,eebbbdbdfbffde,fdecddcfdfbc,8031112121764629876
352,ecabbfdfbeadea,eccabefba,6794956672134630067
353,aebbfeadbadafcced,babecbbeacb,7757659761895620875
354,eacbbbacbaf,efbafdcfecb,4496122172650637146
355,dbbabcfcfbee,efadfefaedc,-2206142415092364584
356,eaddbefbbabfd,decfcadbddbfef,-3176068856086377141
357,acafbddd,dddfaededa,457065717798095353
358,edeceabbba,ecbbcebfaf,4523790168775215080
359,bdfbdbbbcdc,aeabbadacefcdb,744184766621501101
360,fbbcfeefbbdcdfbd,fcfcbdefbaead,-8088289248948237841
361,fbcfbfbadcbdffb,aacbeaeffd,6522681502920100838
362,bcbebffffbc,adddadacedfefa,-6613771496075474222
363,dfbbebaaad,acbfaabedade,435279098612760890
364,caeadeadaebaf,efacdbffafca,-2084609447917633068
365,dafbaacdbecfb,defebaaeecc,-2442935122355271418
366,eeddbbeeaddf,fbcedaabcddc,-780316124367732376
367,bcecbabcbbd,eefddccdab,-9015223385508721195
368,ecaefa,cdceeabfafaf,5315884130977926694
369,bceabdcefb,ecaaaefdbfeeefc,-1393189529272237312
370,eeabcdacbc,cffcfabadaeecc,1443615439522123521
371,dcdfdbeffb,faadbdcedbfbed,6866460468851853350
372,bacfbfacebdec,adeebebcb,6420511645701064427
373,beaefcaeffeef,eadedc,8451059784656897406
374,dcddaadeaadad,fdbadeaf,574583431448641595
375,dbcdbbbca,dbeadeadcfdfce,7904346932020266110
376,aebeebbabb,dbaedfdcabccaec,-2649683556974441015
377,daaffafab,bcbcdfceabcaa,7767513982169271310
378,fcedeefcdcac,eccbccabdea,4852688104397491025
379,abecdbfe,caedbbebdafdedb,-3824291196671802139
380,aeaabcdbdccefc,ebcccbcecae,2659298117397792200
381,dabbbfaed,bafbac,2355826461317221220
382,fefdfcfabcbca,baeacbecbdacab,-5715452670173296365
383,aaffbbbcbecd,dbbedbabb,3878831321058459953
384,ceefafeface,baecdaebfaee,-5332069785536478700
385,efde,acddbfcafdf,-6026429204596504745
386,adeaeeeda,ccaafacac,920300101895931781
387,cfddbaafddacbd,edbbdefbfbeca,-1668664356459495137
388,ffffabfdbcffa,bdadbfebeffae,7302232318518775784
389,acdeeaca,dcfdebedfdce,-8033623764130446317
390,bccebedcfb,bdddffdab,8411995149560531208
391,afcdadcecadaceca,edefddabbdfbbf,655591369853586781
392,eefbbebfefbf,fedcebaaffcb,-134865503903004123
393,eefaeaeadfbaebd,deecafccbc,-3234114276080989451
394,effcefccbcbecadacb,ecbfcaf,5661631058370379803
395,edaaaade,deefdeacfa,3822850338388397546
396,fcbfbfdfaa,acdaacabff,3050556676962601530
397,cadfbcebfab,eccedbdfaaba,-1960122660318523916
398,beaebeacbbede,fddbffabfcbeac,6211060997692542759
399,fbfdbbefacf,eecbffacddacbabef,-2304738277867238307
400,ceaafbbbf,fdbfebdab,2735887845553292384
401,aeeffcafcfbb,dcdcfbfc,-8231667967616399629
402,acacaea,abcdaddccdb,-9033168782590394168
403,ceeccaacdecd,ebcefaebafcabbb,2214897201050960865
404,dedeecdabbdbdacfb,adabdbebfbaea,1490035693089868222
405,aabafdbcbcbbffc,aabfcceafecd,728053439996380211
406,cdcbcbffecaca,ecafaebdc,464730584110025903
407,deefacacaebb,eaaecddeafdbdfa,-1681271796476263724
408,ecdbcbdfdccfd,bbdfafeaebcfaefd,-7227647093618947330
409,bebeaebbecee,afaeaaaacebfe,-8679996209271518553
410,abcbfabebb,fbcefcfcbdefb,-771438695725120059
411,feafdaee,bacbacddabc,6130320153325093921
412,ffadadfbbcffb,fcccdebecacff,3529699539984138542
413,bffbaeeeaf,efdaaeebfbdc,4172338031544125505
414,fafabbaaaafaff,babbabb,8597849505928725409
415,fcccdfdfcaebc,cbaedccfd,-4221274725386534866
416,bdbaaabcd,eecefddabbdaeebee,2225214649778653478
417,fffcfeffaabfeca,adcbfbbfeeba,-6855406509202455749
418,bceeebfcdec,fdadffccbbdaeadd,-167301705452467372
419,cfaeeaeabbde,adecfbafeabfbceea,7612883082733703093
420,febdbbaaaaafdc,ea,6291606063276900897
421,fcdbebccfbfbcabdcefb,daddbebbf,-2761546017613067512
422,ffcbeadaaf,ecafcdbddbbfd,-2035044681303635560
423,fcefccfbcfc,fdfafddb,6057905064951303670
424,dbedefacdeeaae,ffcbbcfcfdefe,-1040586848726134892
425,cfcaecfddefb,eadddfbaccf,-1938440503693981226
426,bfcdabeec,fdbeeeacdefcb,8283383826391322199
427,fedabafbecca,fdbaaaabfbda,359648266346446946
428,fceddcfecffaecbc,ceccebacffad,-4391348039873772965
429,beadfbeefabc,eceefbdefdefbd,-2083155874510123237
430,fcfdbdbdcffbbf,cacddbafafaeaeb,-3878692349786437975
431,beddbdbf,cfdfecfffe,4882613351604961308
432,fdeddcebabcafde,ebafdeeddcf,-2253326829967949535
433,aaababebccebafab,eabeccccd,-9085248987298249400
434,adcbfdbfbaec,efbccbdafe,-1946829090450093017
435,abffbfffce,feeeaeacbadbeba,-138724357121881540
436,afcaeafbdffbf,ecbfbefccdcfb,7940270781297019876
437,fceefcfcabeaf,eaecbdabfffe,2371259144608632115
438,baeaadabddabaacce,adaebcfabdcaedb,2711970581330873295
439,cfffaeeebecfde,bcebcadafb,-5459452302097757243
440,fcacdfd,bfeacbbbcdde,-5548807792221469508
441,dbaaabdafbacd,addcbafedabcdedbbc,-5955767811616390694
442,bceedbfdbbdbaaa,afaddbbfab,-5813968392430335999
443,edbfebc,defacabee,-7435369233789271014
444,ddbcffebdcae,bcadffcaaaf,-5707615878730790671
445,cabfdebcbcaacedfd,ffcbacdaadadaaee,2303815125648493581
446,fdcfbecebaaeedf,ecaabfaccfecca,7054180871090618495
447,fdecedbeedbef,fdefcfdefb,-148897199537369295
448,bddaadef,eaeafbabdbdecbb,-2010449710296645318
449,bacedcacffcfda,cddcbaabfaefbf,7083279545573395098
450,cfedaaedfaad,abbeeceeeceae,2999963294272209603
451,ccafbaafa,fffddbbecffda,6345413485393559953
452,cdeaaebf,aeaabcabafada,-5862379003118468495
453,dfefbcaaffebfa,dcafbaeaffaaa,4764936280486856271
454,abbcbcacdabf,aecebdffcecb,7096035048817773524
455,dbffeedaebf,bacdbdeecfdd,1637652345113888621
456,edbdbff,adfeacaebc,552109959103991646
457,ebcaffdefd,cddbdcffcdbfa,-4448397750797906676
458,dfdeeaabbae,cceedebbbaaeffcd,-3742229342304123461
459,affcbedaedccb,bfdacefbb,-5104951974519029402
460,eeebbfb,dadfeeedbbacea,7358227785814657358
461,dbcdcfacdafbe,ccafaadebd,-7679757248269170057
462,fefdacfebfedfb,ceaddafaecfdcd,-3596394313401348239
463,afdbbabefa,eabecee,3914322237930228010
464,dceaedeeacfbc,dbeeeacdcac,-2650053699301912930
465,ecbacbdadafbeb,cebaedaafde,7822195382643739941
466,fbafdefbcbeaacbc,aadbccaeb,-6541378951186330325
467,bbfcaafbfdb,edbedacbddce,-1352238944919073792
468,ceaecabdcadde,edabcdebcaffdfd,-2221003204987173666
469,dbbbbbaefade,fdbffe,531179396091233951
470,eadeffbdacfcf,bfafaabbbe,-5327846728056812876
471,cfaaadbcbdcde,daeacafcdbffeae,2854629168920674669
472,dfcfebcdaabf,cacdfdbddbf,4372024730066109515
473,baaacff,fdfaeeaffb,4850659546413092341
474,ccfabbbeedefb,abbbcfffbfffad,-6121603002382987329
475,ecfccaeaae,dddecdcfadfdebb,364010770211291263
476,dcdefcdca,daeebbcbfac,3291678526838753716
477,daadfdfeadcbe,accdeebedefed,4205456690539548248
478,daaaeedddcd,cfddbce,-8333891764854046243
479,bdbbebdbfbf,ffdcaaacdf,-44734275513071334
480,cbeadfaabfbaa,becaedceefad,-5652361360455415699
481,abaddedacedaadaa,deeafebbaeb,-2935731075790519328
482,bbdefbdbbfc,bafbcaeabdabfbe,-5726790715079506525
483,edbeadaeebdd,cabdfacbfccec,2759662211823849345
484,acecbbbcebae,dffddbadecbca,7625141893228612900
485,efbcaabebfbbddda,efecadcabfeac,2233253279638572490
486,bfddcddfafbeeaaefe,cabafccbbe,-4370100998507839486
487,faabfacfcffbe,feebfffeafcbfeb,-6922392231622981377
488,bbfcabb,bdecddfebb,-8370251285866004138
489,abadbacdacfde,afebbadafaecba,734929759883643165
490,dadadeceddec,fedcbbbef,-994857892692802623
491,bebadaa,cdfaeaecbdeb,3178701286751748946
492,afceebadaafeda,eefaafdabdbca,-1255232185058572326
493,afbcfcdbfe,deebddcffdfddfffe,278918945352470525
494,bcdfbabccbdf,ecdcfeabbcffce,7413145808580595273
495,cfcacdbfbad,dfdabfacceab,4711838991779513942
496,dcdfbadeb,cbecbfcccdfe,-3812452201296870404
497,bfcfeefbd,facedabfa,-474714089846257910
498,cedddaaffbaeaad,ceededfcaaf,1398581136370058462
499,fcfadfbf,bbdfec,7114319762289606673
500,fdbdcae,abcdfbacaffdfbb,-6116963678701729943
501,fefbdeebffbc,afaaceacaba,2325645896921334099
502,cdbfadbdfdebaf,aceafddebbd,-7627578651513106941
503,fbcedcaacd,abcfdfacbbfb,8843980598450081268
504,ddceafeba,fcaabadbabadcab,-6935496591499705388
505,cecdfcacccaeec,bdfcbbfddf,7713952798554341830
506,fcdacebddce,affefbfadcafda,-5808129217191915695
507,eacaebadedbf,cffaecaedeafbc,-3460367479990104818
508,faeeccebcc,acffcdfbd,7539247284858208757
509,acdccdedbd,acaedfebcbcfeadefc,-6572425117621203268
510,efbdaebbe,bbccafceeb,-5640938661389320105
511,affbcedcaa,bdafadaacff,8871285552762732959
512,addaabcbddefc,eedbacabccbf,-7040835164998188891
513,aabaacccdd,decbcaebdabef,-2995243702779033042
514,cafacebbdaecfa,aefdcbfeacdd,-6491942126379119787
515,fbdabadbcfad,fffdbdeddcfd,-52066312887120403
516,abccdecdddcaef,cfacdceecabbdc,7192010397438463431
517,ccfcfabccdac,adcefbbdfbcf,-7992865263394403276
518,cffdddaaa,dceaabfcceddd,2116905674047966031
519,afbbeddeeb,cedabedfbefbc,-7140970156272893675
520,eccbfcabeebdea,bfbfaaaecdbbddbafec,-4632239555999937125
521,beabfbdaedcbecbbb,ebacecfefffbf,-2054859188327985659
522,ecddffebcebbd,bfddabfca,-7586049564195339847
523,abdcfbabdefaad,ccdfbaaeddfedbc,-3684027636048575615
524,ddbddbdc,bdccfac,8865104081703159759
525,dddecaaecccf,ebddeaeefaef,-2184002422325754504
526,cdddbfbaedcfeca,beafdadabed,4316761378611810157
527,deabadfbaeffdf,dacdabfefdba,3537251466291727787
528,bfbafebab,baefdbeafdff,816896064760005693
529,feedacfdcfa,affeebfdbccbeaaeb,-6341095876117245989
530,cacaefabbdc,bafcaceabaaef,8289912800726370706
531,cfbfabceefadbd,daedecbccfdae,6952734749695758020
532,fbebbefae,feecaeea,-1066167549725618644
533,ceefcfdcebdf,ffceaccbe,5048288959325421834
534,bdababfeeaa,cbdacaabefed,-8952111727830744180
535,bbbfebaabebd,eacfaafbefaffe,3344552077670105775
536,dbefcaedbebaedf,deddbeecfccc,2321486300326740189
537,dcabdecbaecbfee,ccbefdddeaffddae,5533780302270384178
538,aeccdebfbedbb,fccfffdbafebb,6440084552570327003
539,abeaffcd,bdafddacffadfff,-5126751137228370081
540,bbbfabeebaabbbdc,efeabdcabbdfbfb,-1207339230775522344
541,bffccaebacde,ddbafdeabcba,1629606082337524303
542,cdefcfdadabeefb,dabffafbadeea,-8873621012458026714
543,ddffffeebfbcfad,efffcfdd,9099100783248163314
544,bcbbaebdbeceaecf,afdfddeadbafabdbcc,-5828223834451065367
545,cfdbddabebdccdea,caedcdeebdea,-4087709017783382685
546,aeebeceaddef,bbeefddaca,1394034697456078376
547,dfdbabebdc,ccfebccf,4739884465814456690
548,eadaffaafefcca,cacebceebcd,-4146536739197597397
549,bdcdbacbcefef,daebdeeeaba,-2906625859715183298
550,bcdceffddc,aaeacccaba,6388731050270870052
551,efdaeea,abdadeefddc,-8905190434442951763
552,acfacaaaacdddcff,fbabeccdf,-8133014457366263394
553,bdcaeeebfefce,afdbbedcbcb,537746566163153037
554,aebaeedfaeaee,bebdcacabc,-4748656098310338606
555,dcfabaebbc,bdcffeccdaf,4663355712169135199
556,eecaafabdaddcee,ffcbffceceedfa,-577375611236430779
557,dbeceee,cacdefefbdcbece,-4421294854305331202
558,efceabcfcfd,decfffbeffa,-3200865211209527435
559,cabcafaecc,acfddacacbbb,-6030364618343035642
560,feeeaebfbfacbad,adaddfbaafdfdcc,-6281244256273219402
561,fbaadfbaaaf,edbeedcfbcbacad,7988124497089481974
562,edfebbdcabdfbbc,fbeaafeadbdedbeb,8052007918239632029
563,abdadddaeaedaeaf,dffcaebefcfabfac,-7432640043504875346
564,dbdaabfeacba,eacdeafdabfebf,-1571261632947795587
565,dcafdbefef,cbebddfcebecb,3513861147584908655
566,fadecdbafebacc,dfbdaafaffd,-2957378253368047792
567,fdfabfddfd,bcbeaefbaaae,-4846258858805145835
568,bbfaececdac,dbffdfdae,-2638546609672928200
569,eabbffcaebec,cbddbfccacedfea,-3782322388759656244
570,eecbadebecf,cefaefcdbeeede,2030833886255074397
571,ebffaefacbdcf,eccbfaebca,1175813418386345020
572,efaefedc,fefdddbdfcf,8570601845450493403
573,eaffedbadbdeba,bbcdacadc,1420736266850749654
574,ddbccbdbad,abfddfccabdbe,-6468555605625255835
575,cdfdecacfccfe,cfdcedcaeaabca,-3469929219948130916
576,daabcfaeedd,eaaeabdfabd,-8762307167813024475
577,cfeccbabdeaed,dfbaabaecafa,-2352278587133834588
578,ecbfbaecacefaec,eddebf,6796169410701706462
579,bcdbdbfbbc,bbedaefdde,-5282302222064006672
580,eaacffbebaaa,dfcafafeaecf,-8255156439925308608
581,dddcadebfeef,fcffeabcdae,1823991963204863012
582,dccdedbe,cafcbfdbecbbcede,-4502075293702598819
583,eddaabadbdfd,aafbbbbeaba,6423446500807493561
584,abcfddaade,fcccafbf,5845392161327629861
585,cacccbdedcccbf,cdbfaedbacfaef,8996872069905729968
586,fcaddb,dbafdaacffcb,419741521785209766
587,eabeeaaacbcdeee,bbfbdbaffbdac,-8415610290716717669
588,fccbdcbfabeeef,bbfeebaebfe,-5749064779152472290
589,eefbdadfeaaa,ceebbceacc,-4173167281845877684
590,bdaeeefedcfbe,ddbedbacdcbeecbf,-7575702264136709435
591,fdbfacdbcf,acbbcdaf,-6472686323520681600
592,dfefcfaabcffcfa,cdcaaaabbafdea,6691259587731473923
593,decbfebcafdde,feaeebdbebbec,-791981654407229763
594,faceaaed,eeeaafbeb,7963176740852419167
595,acaddcfafea,bbacaaaaffefb,1995284172002837161
596,ecccefdbeba,adabbadeef,6514691578096468833
597,fddddfedcbfbfaf,cafefaaeedb,7046709013184008042
598,deacadffdabdafdaccd,aebecfccab,725333049267340489
599,afbcedffabaa,aebaccbcdef,5354227502418250944
600,fdcebdaaafc,fcbbbeeeebecd,5291472399763719479
601,fcaaacefdef,cccdcfaceeaaf,5479856947128060145
602,abbfefadeebfc,cdfebebafedfadcc,-4119669517548040613
603,cbaddadafdf,abfccdaadf,5803654655357045833
604,faafecbaeefdfc,dffccaebaabcafe,-2355450445731838025
605,dbebbfabfcebdc,dedcebceba,-8246533637440516552
606,abdcadef,dfefadeeed,7192602855690422143
607,ebfbbafacfeadebce,febbcbdbe,-138375569452283615
608,ceacddd,aafcbbeccbfba,6524202261134132257
609,fceebedfeedb,fdcbbabcfdcebbd,3782832925254109627
610,cebbeffdaaaed,cdcdafbca,6326776583447396600
611,adfcfaab,cacbfaccbaee,-8353149513275587590
612,deecbabaaf,afccbdbcdcabcd,-7278719392549418868
613,fbadcacfbf,fccabbb,1656410567561530114
614,bebfcdacfbf,ccbdbcecbfebda,-4050141871073768290
615,dceceeefccee,cacedefcaeecab,-3864965237494821012
616,dafebeddbeae,cfbdfcdbddeaf,-3525954238100189919
617,efeeefbcfbcdde,edebefcdfec,-2287584426399477870
618,ddaffceaedea,edbcddefdbbadce,-1813343727237902701
619,bcccdab,efbdcdbbeadddfee,-9006388978640400947
620,bcaabaae,adddee,5197288351321901065
621,cfcaaedfecfcc,dbabafaaacfa,2101950363608760330
622,fdcfcbcbfcbbaca,ddeadfedfcafdba,-2455914114743058276
623,fcccbefcafc,bbccbfbfadfccbe,-4915742002441926545
624,bfbbcabfacafce,ffacdecbea,-536033305325910562
625,acdedeabdaecdcab,cacdbcdffeced,-8846013311824281317
626,ccaadbcfeebdaf,dddbaddcfbaaaffede,3304845724625293195
627,bdaeafbbcfddadbb,eeaaefcdfec,-2128821179939929629
628,bfabdadefdaebfea,ffbdccbbbbfbebceda,8067173179435273136
629,fdcdeabdafeac,cffcfadfffc,7851304460544460633
630,facbfeeb,aceddcdacfca,8332167596624792792
631,dfecdabcededfabfb,facdeeadbebde,-377575778270689311
632,eafeacbbaae,fcbdfbeaaf,-7758593012039725697
633,edbfcfaedbdb,abddebdbaebfa,-9128435622136165106
634,ccfaefb,adbaeefabceafa,8811532048183218091
635,cccbaeadcaaaaf,bddabdcbbaafa,-7472833415876621751
636,bdfdadbabaddf,ccbeeaaebbeabf,6416717984455937770
637,cbfabddbdfab,bcacaebbcae,2000495880312735918
638,cafabcaedba,ceadaeebfecba,8485518609287368000
639,efbfdbfb,edfaaebbcaade,-8206227878395097417
640,fcdbbda,beadcbbffbcead,-5555572924025322385
641,acbefcdabdcccabb,fdecababca,-1138767634827229019
642,efbafbcbac,cdabadbdee,-3945809173545466566
643,aebbaebdccddae,bcfaaebfffeada,-7269671585206221698
644,caaeeefbb,eadbbabbcca,1865141613185026826
645,ebefcbfba,cfaabebcafe,1423970316583125531
646,cedeafc,afdbfffafcbbd,2349330432937971711
647,facdaafed,ebefdedbde,-8171861142642277914
648,ebcfeaccaecc,bbbbeeebefacd,5410373143809772526
649,eeffaabea,afcaabadbabaac,-9177187789399506028
650,dfaaffccabeb,cfacebedbdee,-3966094190838791842
651,bcffaabbcbffcfccb,eacbadbcbccc,3813083669345029456
652,dddaacebaebdb,dafdabdbecd,2511417587626822616
653,eddccc,bfcdeacffbfecd,449006600514849196
654,aacadafbedcbfbaad,defcdabdfd,-2944485613102086752
655,efebbbaecedd,baceaabaabba,-5361350892278232534
656,bacbfcedd,bdaadcabebdeadff,-5631177261933901404
657,afaafeacaabfe,aabbcebcc,3911124053217788824
658,aebdbffbcffecee,bbcedacc,3459615229589276964
659,dfedcdfbcaa,deecaaadc,941699854881538324
660,cdcecdeccfaeb,aafaddbcfcdda,-6672918223539843652
661,ffbbbcbcaced,fcafdfcfcbdaccfc,-256511870348016239
662,dfbccafde,abaefeddecedd,4231697357119311750
663,ebfbeedbbecc,bfcecacaaadbffc,-8969469310626020672
664,fbcdbeaacedeaeb,edcccedddbcc,4003949028865494253
665,edeffaceaea,eaeaecaefaa,6780312693680787146
666,aeaeecdddd,edbbfecbddcab,-1724641458282868951
667,cdaaeafcadebcf,dfcafdcaccecaee,5323191709224225863
668,bdfabbacfafddd,cdaeeecb,5935887560857370999
669,fdfcaa,bebccdcaefecfb,-5627606776282331684
670,becbbf,debecbbfcdbccc,-8281153570955048693
671,edbeecfcd,fafaafbbbecbded,-6960520778485706821
672,facbedcaebbcdc,bfaedbaabcfec,-4659794399730382935
673,befefbbefda,adafcefcf,-6738097233365154308
674,bbebaeabbb,ebcfebcabb,4903864238420217824
675,eadcbeddaafebfd,dafabbdadbae,2870104128793821507
676,bcfeabacdbecacee,abacbeebeb,8477194660610851938
677,fadfafaaaec,eadbdaabf,5646066096517892714
678,ddafeffbeedccbb,ccccbbffbbbcf,-8922536254823511671
679,affdfaaabfdbfedfaa,faceabfefff,-6978419462398983048
680,bfafecfbcee,bedafebfebc,6158868265393409455
681,dacfcceceed,fdedaeceaaacecad,7346230702216465640
682,abfbffcab,dbeacead,581866491525678183
683,feffecbafcefebc,eaccfaebcbdcdc,7971803229248373219
684,bfcddef,bbfbdccedbde,1996213650739449558
685,fafbabfeb,edacbabbaaaeffa,-1595879058029590604
686,bcfbcbddbfaa,fbebbaebeecce,5905489866449568075
687,aabbcaebdafac,baedacdbaebcdfacc,-4980906018753132224
688,cfffcbbaeefdb,efecebdaeeaaadc,1508684566588115277
689,ccffeacd,dfcccacb,6400219943390693785
690,ebcfbdccfbdad,eedadbceaceef,6346263394011203794
691,dcfbcaea,fbbbcefebfaedc,-523753275253633531
692,dafbacbecbfc,badeecdfadaf,-8393969228071219698
693,abafadabebfbbd,bdcdacedbace,-5271808777410885181
694,bfdeecb,bbebbdfcc,440147103724749494
695,fbeffaccae,ddedbfacffabcffaa,-2455108334664265742
696,afddeafeccc,fedabcebe,-1086059604328299295
697,cbefeceacf,fbdffdbcabbb,-969621654855007556
698,bbbaccdcdddde,aeebbcdeaa,1466225636352607358
699,bbdddabbabdbef,beabeefbede,-5122260518292468194
700,bccbdaebcabce,ffdaaedbfaefe,-6949224369936121062
701,dfffbeef,babdabaebcae,-5519842584026068847
702,bddcfebddaa,cdbccbfcbeab,8075380473546359628
703,dafeeddbcbbbe,dbdbeeccbcc,1623703471570896464
704,cddcfdbcedfa,daccecabac,493835942210063884
705,acbafcebeaafae,ffacbbbdeceb,-8102133317437732419
706,fbefdaddcbc,dcdbaceac,2105368409107285831
707,baeebfae,fabeebaceaccb,5775291798400355979
708,dabbcddfeebbfdb,beeceaaecdede,-5438691485549049478
709,ebfdcfcfb,cdedbcbfdd,8670639189837106829
710,ebaceedebcdac,dfbbedcaadce,-2782666665239624681
711,bcaccabbadffa,decadadcbacf,5614961985655687272
712,fbbaffebaccbbbdbedbfa,deecbbafecfdeb,1659717256410448587
713,acdcabcbbcfe,cadfebcfeffdad,-7941295987103150862
714,ceeeedbecafcfaccf,fecabacbcfded,-6926083045456656057
715,abffabbedce,afcabbfceb,4215923133028322051
716,adfbabbcdfbcedbce,cfafbeacaafbbed,4981012246306703262
717,dcdbbbdcdeebc,daaeaedfaae,2827550465807175480
718,dcfffaeafa,bafbabdecabb,5407293821765241472
719,edeefbeccbfb,dbeabcbbb,3900227526258608574
720,ffbaeaceb,ccaecabfb,4342403028805240750
721,acbccec,bdffeabdabd,-8835014288292163703
722,aeeecfdfebd,ffdacffada,6916726000984408991
723,caaabfbaaccddbbe,aebcccfecab,8678899254951168147
724,afecaebbb,afaedddeccbb,-7455522288049174435
725,dbfabbcbadeab,daaeaaffcddbcabb,9023706105418566877
726,dabcbefeabcbbbde,eecddcecdbcff,-2130539946771724083
727,afbadebccafcaafc,fecebababa,-932800588431013336
728,edbcccdecce,cedcdbabdeaefea,-3959131954102842459
729,ccfffeafbea,ebbdebebccabbec,3364947984347513835
730,adfabbfabafefda,ddccddafecd,-2508004368974787118
731,fcfeedafddbbd,bffddbcaddfca,-5165858101346482388
732,abfcfcbdadaf,edacbcccacbaf,-8025737494097343284
733,efffebbbeea,cfbdbbcefbabbebeeca,-3478519758189540587
734,bdeaffbdedcdd,dbfeefebd,4449330488123737199
735,cfaeacfcebe,fedddccdbcdcca,-129463246239545704
736,dfbafbcacfb,eaeeefbdcfd,-7012416951866408441
737,ccacaadefaafcda,beedaebbacbed,-5292292296859104754
738,faebedbceaef,eefbafebbadecbeb,1557932393651719808
739,afaeeaecebeeaecbf,cacbbcbeaacee,-4073326897211031356
740,eeaaaedccdca,cdebeaffcf,4813563369620065254
741,cffebbfbea,bdbfdaafddff,4951594340801137023
742,bcbebcddccfdacd,bcbdaacdbaabb,8865277885603594970
743,dedffca,eeabfabdbdcdddc,3379296161070794150
744,bccabdacea,fdeafabace,6930796630946236512
745,acabfeabbbfef,eefaddddded,3981437087044683373
746,dcbccfafabbebce,dbebaeadfceb,-3198841364391903059
747,fbcacbefd,dcfdfcdcfdaf,-2524881801582393264
748,abaaffafaa,cdace,8452188039687981588
749,adaeeabddaef,dfbbcefbaffa,6187860937445950257
750,cfaadfafdbffbfa,adeecaaafecdf,4206525737083686053
751,cddcadddaf,cebebbfffea,-4330965211199225845
752,afaaacdadab,bfbdddedeeeae,-5333521321271931245
753,afcfcdfbffdddbb,bfbcadefedd,6128008351160224785
754,dceacecccf,ceecdfcbebfaeabe,-8291463379379597531
755,cdbccfbffeacdfaca,bdfdebebacf,-5106451342460435740
756,fdacfbdac,bebeeaeaadcdade,-4716554251993986483
757,dbaebfccfaf,ffcdeda,-7854340914211959231
758,ecccbddaaeeaeafcef,fbddbeeffdcaffe,4033985929913254327
759,efdbeafeefb,ecfacdacddab,1524157049905431957
760,cfafdffdffefc,feadccfaadcfadbcbfd,-6925916455381613149
761,badeebdbafdbe,eacccfdcbfdeacec,-1528667731317797476
762,bbdcda,defcfecbbcebbd,1645953441774653127
763,dcedacebbacfdb,fffbbcbdfd,4554581196521819036
764,ebcebecdeedcf,dacadccefcf,-8634068117602154729
765,dafacabaacdcb,dfaebdeaceabab,-7063081599404980320
766,fdcbcbada,dddeafebecafb,-2879614538902188533
767,fcfaefcce,fcdcdaadcdeba,5692687216929097122
768,deaeccbbbdcdbbe,fcacccadbbada,-903385739552863127
769,feeaaaeecbccfc,fbebefbfbfedcd,-469624788896952395
770,daaffdbadefecfa,fcfcbbebbbd,-6955595235250910869
771,fbefcedcadbeeefcf,bbbbdacbdfeeedf,-5279983147747096909
772,ffebedefeb,cabfdfccfdeede,-3851975644320021165
773,bbacbbaaaeba,ccdcceaabbcdeef,-3686423840931102114
774,adaaccaae,fbaaaeacacb,-498356921403356614
775,adadafacec,aafefeaadbbeabb,-6165452700578660246
776,bcdfeeedfdbbcf,eeddddadadce,-7426860373806265001
777,ecdcccffdd,aeecdbaace,7251773408659587287
778,fabbdcbdbd,eddfbffbcc,-1799796058833467911
779,cbdaebfceeef,fdbcbecacffc,1256461670567658907
780,ffbcfaaebaba,bdbcdddefcff,-4814141166399438125
781,bebccebbdbffcbc,efbdbfbba,9119711458580450133
782,abcadafdbebb,dcfdfefaacdadbc,-7075190959271558024
783,ecfaccfbefeb,dabcdbfbcdd,4714425122618560344
784,dddfffecfebdbef,eafcdbbcfd,-8636603743685753418
785,eaefbdbdacdcaf,dcbedaffac,4451447147550952720
786,ecbdedeadbeeeda,ddcffbaedbb,-2967442453412361367
787,acdbbcdabbdaaca,dccfcaccaebeabd,4424624120920821516
788,fdfbcfbddfb,ceacdfeeabecf,7290252554550595305
789,bcbecebabffffc,bdcadeca,-5384285199788654244
790,acbddfeeebbd,caffcaebaddbe,-8312801326492138674
791,baaebfdeaeafadf,abcbcabeedc,4187021370717717527
792,ddaeccbbd,cfcdacbac,-4593316541066165962
793,deabbbbddf,ccebdebfaff,-4481544351728058019
794,eacfcddeccaebbfcc,cfacfccbfbeee,-3482367343448208955
795,edaa,bdabbddeffab,-4799250007312807634
796,afedbffbbf,bcdbebbeb,1984047663098971152
797,abfacecbbaaecceca,bfafcdabcecf,5449173714645172618
798,fabdabafceb,ffcccfcaaafc,455707148919587781
799,eaadfdfdbc,fdfdaccddadffd,4032976626670520940
800,ccaccddccfcd,cccdadeeb,5002536459522035104
801,dfeaecdbaaedbcdac,cefcdaccdfff,-8808350021018562620
802,aabdceffbcceebe,ebcdbebfababcaaffd,-1505278689942355521
803,baeebabfffecc,faaabff,7130194549008452121
804,ebfdafedb,afdddefcbbedaabff,-5803105969937363959
805,aecaadefcd,afeaaaaf,-6479284003137892798
806,fbaedfbe,ddaacbcede,6728990994276437046
807,eaeafbfea,bcbeabad,-8373545312508559305
808,bfeaefbaebbfd,aaafcb,7084220082467523103
809,cdaccbeaefcf,abaadbffc,6506460432757771638
810,ccbabffabfecac,bfeaabbaeddda,-8776906819539089021
811,bbbaeeeafedbfb,abbfefeeabc,-6579148603329525506
812,cddfdccefeae,bbeedaabeff,-4943134374438027187
813,daabe,bdadbaadbefe,-5054493134950085935
814,bacdddcbfcddaaa,ffcbeaecdffac,6915167808886947875
815,aeffecdebadabfe,afbddcafbceedd,-6416581832583067407
816,cddebca,bdfcedecdb,-5704939054751202777
817,fafffadabcdbf,fcabceabbaeacb,-285800233406017882
818,bffbeaeaeca,cfcabdbfcfacebbabcaec,-3520747919247716401
819,cadcbbddaccb,acadcbefaeeccceada,6222447233373850597
820,ebaefaeebfafde,facbaaeefeedfcba,5703993769403697902
821,efeaadcdebcabab,edebaabcaeafae,8223025274651362236
822,feefbccdd,aeefebeaaf,-5870748326669433304
823,dccfcaadfacbfee,edcddccddc,3920716120244176340
824,bdfabafbdeadabceac,edffbaeadfabd,-2101774117090210221
825,bdccbbd,ffaebabead,-26205651142489694
826,aededdbaefbecab,affaabfeaad,4060703244857002613
827,accdbbcedbfbe,cdacbefeef,4109188153937969438
828,effdecaaaeeab,ecedeabdbcfdd,-9156939057928778268
829,fdaaebbfeafd,ecbecadbbdbfcdda,-8654568385200633381
830,bfcacdeaed,bdbaecaafedfa,4858069247141105348
831,ebbdacbfacdcdfc,bdbbdaedfecf,-5603297065172842979
832,dbbcdfdefbefc,fcbbfabd,-521777956831870667
833,fcabebaecebc,fbdfbbeaafcdcd,-297312468286092702
834,afdefebaeabfefafd,cbaebfdfee,-3799448659671955553
835,debdacefc,effcbcbdddfdce,9148255552280215740
836,adfffabfdfbf,bdeefadddbac,7736589222655509656
837,acfdfeacabfcc,dceeacaaeb,9023127075702260867
838,fddfdfeaabbbedfdd,cefccedebfaccabab,-4374701899671581068
839,ecbeaffcbeffbf,effadcffc,-1154982799387704209
840,ccfcadfbb,bcbdcffecaa,4308587620831610126
841,eddabe,ceeacbeeeba,1730445410109376176
842,bfebfdabdccd,aebbbadabde,333836229338876795
843,bddbeeddcbebffa,ddefef,-3307380908715850351
844,aeeaccbbdfef,bacdccaaaade,-5023539951015018331
845,febafaefbbcd,eaeffeacddf,712512777589051294
846,ffaadafbdb,adcdddbeaba,735736575749737829
847,fcedbffaddbc,cbcabdafafcdafb,6955752189666872058
848,fbcdbceb,bebccfbcfdbb,3604203034448710772
849,ceccbeafcffbaaf,ddbfeaffbcdaac,2103412705085834740
850,aeacccaebfdd,ccefdacbcdea,5534363324747761348
851,ecbdbfabdfbcab,dffdeabdabb,3264901025674710504
852,bbfdcddcde,faeccadafdbeddc,-962392882261046675
853,feefbabfab,aeffbbcbabdfb,7098247986979489653
854,ecfcecbdbaacbff,aafbea,-6547913808601004401
855,eabcbbbaec,acaeadaceffbc,37330772514459034
856,feaabbce,ecbbafedbcae,-1430390500250467201
857,ecaebdfeeb,decddccbc,4410685655450273491
858,efdadaba,bfabdbaaadcba,-4667209694741706326
859,faeafecedcee,ecfdafbbdedfab,-1815112259601742741
860,ffacabb,ceafefabb,3842284433653186735
861,fcfbaeceaab,bafcaabfafd,-5260019511579817337
862,daafccb,afabacccfba,-6775795787430083640
863,efdfbfdbafd,daebdcfdafaad,-2671869071783541847
864,cacacf,eeabbbcba,3333584124900821216
865,dcfadbedeff,fbebdeefeec,6455743429613797678
866,dbdcbeabfecbff,bbaafdeac,-5253809220179441245
867,aecbfbcaeaafae,fcebedbefaafa,8178304371090673086
868,eefaefebcef,dcfbafbfccbaaeccc,-2525469388501070836
869,bedecdbbafddc,febaccebbefabfc,8430325888353979326
870,ccbdddbfdce,feddbcbfbad,8446780639916281023
871,cdfaaacafafddee,daafaddc,-9036458078871402729
872,badeccdeebadbaa,fefeafcceefd,7634421596888974255
873,adcfcbbbacf,abebefdfed,7455448190930535243
874,debcceeaddfbcf,cdcfeadeffbfbf,599093426835115854
875,fffffefdffbafca,eccaafefab,5324147641433541800
876,dedcdeeefbca,aaacbaddcbba,2610023208869119370
877,dfdebcbbaff,caecdbbadfce,-8807902994331449893
878,cbceabaaaef,becafccfcddf,-4735988254695075895
879,bffcbdebdaa,dbabdfdecd,1241256904859272122
880,ecccbbecda,ddbfbecdeea,-7723162068773550875
881,ddfbfff,debaebfbfee,-2776491847264942618
882,cbbecbfadf,bbadaacdbccfe,-4950904701714674293
883,fbbefaacaaedeee,caddecbffbd,4372382067443253884
884,efcbefbb,bbcedbbddbaeac,-4962390072729187404
885,aeaaaccaafeee,decceadbefcdec,-3229424229172558877
886,cbeddaefdacd,cebdcdefbdebe,5804272945099918622
887,fedcedffef,bcadfaacedebca,7186801721434394538
888,acdabbafdfb,abcdacacb,691930882632991445
889,dceecffbee,bdafbdabfdfc,-8927301590629988395
890,cedcfebeb,daaabda,-2985259099769977080
891,beacaaabdcbc,dddcbcaa,1215221878485437223
892,bfdefcaeedee,acbacabbcaa,2641708814707278262
893,eeafcbaf,ddefdbcbdcc,-2521625975477876483
894,faecafbea,affbebbbdbbdbe,-6440158936452216602
895,feeebdbddb,ecefdadcbdadcabb,3336304636023358172
896,bcbdefaaafd,fbdbffc,-7920308974434824933
897,efddbcebabc,dcffaaacfeaaece,1548605322233005731
898,daaaaeefdceb,bedaafeefbed,1972169037587891359
899,addaeaacfc,dddcbfacabeaac,-3090071229289971641
900,ffefccabfaaadfbfbd,aaeabccababdd,-6796306648549340533
901,bdabfabeca,cfbcaffd,-4021842872921535336
902,ebeabfddfbbfc,bdeccfabfffe,-5655261789342380849
903,eaacdacc,eecdebeeee,-2169320857231539143
904,caaefbafedfd,aaebfcbfafbc,610900629257995911
905,bbcddcefbdc,edbacafe,-1688056831299728888
906,eaccfaefbdad,bcbfdfbcbfde,3108542964129677935
907,bddcccffaefc,caabdef,-7780317560188091022
908,adfadedbed,eafbcadeae,4492523098746670228
909,aacfaaceacadeed,cfdbccc,8663853680443935637
910,debeefbcbfd,bbaccebffcacce,5995737767867600107
911,bbdbacfbdaba,fadcedaecafecbb,6008921746090643138
912,abebccabbfce,fcfedbfebdc,-664283071817236425
913,babfecea,bdaececacdaacaf,-5111426982477020692
914,aeeeaabef,acffaecdbdbcd,-6463516900961795060
915,fddaccecacdfbc,bbacabba,-8740840741231901548
916,bbaeec,eafeecaacdfdccffb,-1899547082961960918
917,cdccaaaccdecd,edcfbaecbefb,-7037417173746236399
918,cdfaccbda,eebaceecef,5860838048227805072
919,afacbbaabafb,ebaffbeed,2348660705184598135
920,bcdfafaa,cdbcbbcdb,-8827943143538474229
921,ebfbfcacefec,cbbedbcbaab,8342103989585399511
922,ffbaafbdc,dbdbedfa,7575463892971701897
923,aecebdeaee,dfcfeaeacddee,-2333718797301955707
924,faedbfaeaeeadbcca,babbbadbbeaebebabaaa,-4991194925662253434
925,ebeefdfbba,cebebaaccecae,346410591211307860
926,aedcafccacaaeb,fcfdcdeab,7009148394036741846
927,efdfdbbdbbbefe,ccfddefdabdc,-4409214400395654919
928,ddfccfcd,bafeeadced,412705005761414884
929,defddebeecefdcaba,bfecadefbeab,-5550371958477797305
930,bdcbebafafb,befdacbdfbdfa,3682701295671528851
931,dbcfaabafa,fafffcfabafedbca,-363680440042893558
932,ccedbdcaffcbc,debbabaccc,-2771993388154533872
933,ebfdacdcd,cbbabeefcdd,450673006288783973
934,eddaecafebafdfb,ffbcbcfc,8672034231768466100
935,eacccfbbbad,bcdadbeeecf,2621295385458134321
936,dcbebacb,fcaabfcdbda,6996376976382577416
937,ebdafedcafdafe,deaddf,-3150486833154864812
938,ddfdeaacda,cedfafbd,-3541659645249042302
939,ccecffbacdabbcc,fedabefebdcfd,-83696697987284507
940,efafedbacdefec,bfadffceabafbaca,2016159077658283686
941,eeccefd,bbfbfdfafaeffcbdc,1241796953078645647
942,dfdbcbacbea,abdffcfffaff,-6062052955748089137
943,caddcbc,abcbdcefababdacae,-6225157912309182549
944,cdecbaababcb,bbadcfdfe,5456811697423863097
945,cebcfefaefbbdfcda,eeaedbaa,-1917993704181446789
946,decbfdbc,ddfacdbb,172660242697768433
947,efebcabff,cffdeadbeacbfebe,3184033797849236877
948,ffcdbfddeddf,dfbabfddbddcbea,5069328712490241805
949,bfcddecfbfd,dafbdccdec,9053627450667779777
950,cfbbaeccbfadab,cfdfffbcbdfedaca,-4180024182123839420
951,bafdeeefab,ccbefacefdb,1525817774766639459
952,bbbaebec,cabacddba,-4081783859608662935
953,ffacffcafcdccd,bbacc,-8690520773974733998
954,baaafecadea,bebdcfffacdf,4316331754044084223
955,dcfeef,cefffcfaaaaaaa,-4008499471398058584
956,bccdaeccfeff,dcbbfbacf,3270889636099998080
957,fabdefacadf,aaafbfdcdba,6506195512989074367
958,febabfdad,eedbbdaed,-2087261401009601943
959,bfcfdcceadbabbed,abdeaaecacd,-7296586330559396040
960,bfabeacdeaee,fbdbcafacef,6856767480316837910
961,aaccebededba,bfaacdfacbabbe,8338835937396870944
962,dfbfeacd,dcdbabdebdef,-8232209163309986904
963,dacdeafddfdf,edcbeebbbe,6948523420530395910
964,deaddbfff,afedbcafcedeed,-6377264276563539671
965,cfeaafbcfadc,dccccedabafdfc,-2537841050233451099
966,acbabddacae,aedbcefdcddd,4201468903183240340
967,fbeeaddfadacde,efacedee,7424290838386067960
968,abeebbbdadaebef,abdaaffa,7690327566147994209
969,beffacabaafde,afccadaacebcaeeb,8862171083433986472
970,fdedacbdebee,bfebccdfda,4284087762496276366
971,baafebdacceddaca,deedaafebfb,-2962992116101464054
972,adbcddbbdaaa,dfaadcdbeadcbded,4674637472646515925
973,cbdfabcacbd,dbdeefbcfefa,9060660159894996777
974,afafbffeedb,cdbfeeabdbe,8630539947779509994
975,deabefacaaaebc,efccdfafe,505511206076630657
976,ffccaaa,ecaedfbdebcfbc,-1888435430328219501
977,bcfebdbaaf,abadeceeacd,6537570347433676454
978,eeddedbadcadfcb,daabbfddbdad,1185587409483745178
979,fcfeda,ffbcdbeaeb,-8629136426573412416
980,cbbbcbab,eecadaaea,2201745887306009235
981,bbfbcafd,affacafecbeaeb,4251305869665781740
982,dbbcbafaebdea,fcede,-913446731597135319
983,fbfabccfacecc,acffcafbcdadd,-7473125391465297297
984,dcfbefbcd,edccadaff,-7025578188253739417
985,baeefcdfaafb,caecba,-3824570335261735385
986,fdcdbeaccffff,bbaceaaacbecec,8914496361968257290
987,ecebaeb,ceadbbfac,3183540990209379157
988,bebffabdaecb,dabdffaefcdccdfb,-3338929705847273896
989,bdaacecbc,fecfbaafbadf,-87460710585842870
990,fadbadbcededb,dfcbccdcdda,-3278734307592745950
991,caafdbbfaed,cadeabfaabbbea,3515422957528631714
992,cadebb,ccecacdaaec,897209786390170685
993,bacdaabeb,afbecbbeeeafc,5807303450410501573
994,feffadfcbdfdc,abdaeecdcfeeee,8258121045233452553
995,fdfdcaacdcbab,dfebeebcaebd,-8802849824117473250
996,ccddbbfbacad,eadecdcdfcefbc,-1522558801193188083
997,adaefdbdafec,abaccaeedee,-6301826695472920888
998,faefaffeddddbde,dbaeefa,4072772330659529254
999,ebbcfebfc,efbcfdafee,1625505234504925545
1000,fdfcfbfbdbbcb,ebbffbf,1060642471552762930
