CustomerName{firstName='FADFAFEFCEF', lastName='EAECCAACABF'}
CustomerName{firstName='CFECBEFBACFBEAF', lastName='FDDCDFDEFFFBE'}
CustomerName{firstName='CCBDEABFFECAAC', lastName='DECACBCF'}
CustomerName{firstName='FDFFFABBBCDDCBE', lastName='BCEBDFAEDBFD'}
CustomerName{firstName='CBAFBEAABBD', lastName='CFEFABDAFFBDD'}
CustomerName{firstName='ACCBCEBCFABFDC', lastName='CABFCAEBEE'}
CustomerName{firstName='AFAFACDACDDFAF', lastName='ADEADAABDABAACD'}
CustomerName{firstName='CDFFFFCBEE', lastName='FFEEDAAAAADFDA'}
CustomerName{firstName='ECEAAAEFFEEEACB', lastName='CABBAABCEEA'}
CustomerName{firstName='FBDAEEAEDABB', lastName='BFDAECCEE'}
CustomerName{firstName='ABBCBFABF', lastName='FAEFEDBDDECBDADFF'}
CustomerName{firstName='FCEDAD', lastName='DCDDAFCDC'}
CustomerName{firstName='BFFEABCFE', lastName='ACDDCAFDEBDCEDAD'}
CustomerName{firstName='ABDFBADAF', lastName='AFBFDCEADAFCBBC'}
CustomerName{firstName='ECFBFCCEDCDDB', lastName='BFDEDCDABADEEE'}
CustomerName{firstName='ECDFDACFEABCEE', lastName='BCCABCEC'}
CustomerName{firstName='EEDAAFCBEDAFDAACF', lastName='EDEADFDADE'}
CustomerName{firstName='CDBADCBBEECFFAEB', lastName='FEFBABBACBFBBA'}
CustomerName{firstName='BFACEFBECDE', lastName='BEDABAAEFECF'}
CustomerName{firstName='EAFCABBABC', lastName='BFFEACCFAC'}
CustomerName{firstName='ACFCFFBEBD', lastName='CEEDDBDBDBCCCEC'}
CustomerName{firstName='CCBDFCCC', lastName='BDFDBEBDCCEAAAFB'}
CustomerName{firstName='AFFCAFFBCDD', lastName='FAFFEEDFBEED'}
CustomerName{firstName='DEBCCFBFEDAA', lastName='DDEDACBDFDDF'}
CustomerName{firstName='BCAACBBB', lastName='EBBCABCEAEAD'}
CustomerName{firstName='BCCABDABBAAA', lastName='AEFFDDFDFA'}
CustomerName{firstName='FCBEDBBEADADDF', lastName='CDBEAEEFDBCAC'}
CustomerName{firstName='AAAEBEFCBA', lastName='BCACCDCBEEDADEFDB'}
CustomerName{firstName='AACAAFAAECCEFB', lastName='DEECFBEAD'}
CustomerName{firstName='ACAABDFEEC', lastName='DAFFEFADBBFEBCCA'}
CustomerName{firstName='CDAFEBEFFDCCCFF', lastName='CCDCCAADFFC'}
CustomerName{firstName='EECCAFECBB', lastName='FFBEBFDADFEACF'}
CustomerName{firstName='CFCEFEACFAFCEF', lastName='CEBEABACCBECF'}
CustomerName{firstName='CAFCEBBEFDBCC', lastName='FBEACBB'}
CustomerName{firstName='DDFFCFBFDCEA', lastName='FECDFAABCEBEFDB'}
CustomerName{firstName='BCACDFAEBDFFAACDA', lastName='EDAAABBCAEACB'}
CustomerName{firstName='CABACFBBDBCBAFEDAB', lastName='AFCCDEADBEADBEA'}
CustomerName{firstName='EACECABACACE', lastName='BBBCFFCED'}
CustomerName{firstName='ABCDEEDDBDAEABD', lastName='BBEFDBADDCCEFFB'}
CustomerName{firstName='BBFBBFAFEAAFD', lastName='AACEABDAECABB'}
CustomerName{firstName='AAAEFAC', lastName='FEABFBDBFCEB'}
CustomerName{firstName='BFFBCFABCFCBBAF', lastName='AEBDCEBAEC'}
CustomerName{firstName='DAAAFBCCEEFD', lastName='DEBCAAEBFAFDC'}
CustomerName{firstName='FFBFCFCFF', lastName='AACBCDCCCCDB'}
CustomerName{firstName='CBFBBBBBFB', lastName='AEBCFEDFDAACAABEC'}
CustomerName{firstName='CADABEECBAEF', lastName='CBACDEAE'}
CustomerName{firstName='AFEBCDFAFADBE', lastName='CAEDEDEAFACDA'}
CustomerName{firstName='ADEFAF', lastName='CBEBAFBADBD'}
CustomerName{firstName='BBBBBDCCDCBACD', lastName='DFBEBEABAABEABEF'}
CustomerName{firstName='FEECFAFABDAEE', lastName='AFDCDADECFD'}
CustomerName{firstName='CDAEDDBDBCCCCAECB', lastName='ACAEBBCAEFEFFB'}
CustomerName{firstName='FCBBAADDFACED', lastName='FCCCCADFCEE'}
CustomerName{firstName='BFBDABBBA', lastName='FDDDBBECCCBDC'}
CustomerName{firstName='ADFFECBDECB', lastName='ACAFCCECBC'}
CustomerName{firstName='FCECACCA', lastName='DDFAECBB'}
CustomerName{firstName='DDCCAFCFABEDED', lastName='AEBECCAAEBAFCB'}
CustomerName{firstName='CAABAEAFEFCAAF', lastName='FADDAADFEAC'}
CustomerName{firstName='AEECEEAFFB', lastName='EFDCBCFDBEFDD'}
CustomerName{firstName='EBEDAAFF', lastName='DCEEADAADBBCAF'}
CustomerName{firstName='CBAEFCAEBCFEEB', lastName='FECBBECC'}
CustomerName{firstName='DEAFBACBBEEB', lastName='CBABDDAA'}
CustomerName{firstName='AFDABABD', lastName='FDEADFDBB'}
CustomerName{firstName='CAECFCBDE', lastName='EAFCBEFFEFDAE'}
CustomerName{firstName='ECADBED', lastName='FFDAEACDAADCDDBB'}
CustomerName{firstName='BEBFCBBCDDF', lastName='FDACBFBEA'}
CustomerName{firstName='FAADDDABAECD', lastName='ADBDDDBBDBD'}
CustomerName{firstName='EDCFAEEACCBDED', lastName='BCCACDFABCCFAC'}
CustomerName{firstName='FDDBEFEAEB', lastName='EBBCFAECABA'}
CustomerName{firstName='BDDFAEDDAFDF', lastName='DDBAACAACECB'}
CustomerName{firstName='AADEEEAEFF', lastName='CCFBEEADAAFFBDD'}
CustomerName{firstName='BBAABCADB', lastName='DCFABDFDCFEB'}
CustomerName{firstName='CEACFCFEBECB', lastName='DFFCFBEFCCFDAE'}
CustomerName{firstName='FFDDFABBAC', lastName='DBECDAECCFD'}
CustomerName{firstName='CCBDFEACCEFE', lastName='ABEAEBEACCFF'}
CustomerName{firstName='BABADDACEEBF', lastName='CCAADBDCEC'}
CustomerName{firstName='BEAEAFAABBBBECAAFCAD', lastName='ADDBDFBBCCCE'}
CustomerName{firstName='AACFCE', lastName='AFBBBDBECDFB'}
CustomerName{firstName='DEBCEDACCEBCCEAD', lastName='CBAADFCA'}
CustomerName{firstName='EEDFCACFABFBE', lastName='FAACCEAEBDFD'}
CustomerName{firstName='EFDCEAFBFAEAA', lastName='FEEFEBFBBEDD'}
CustomerName{firstName='AEEACACCFBB', lastName='CACEFC'}
CustomerName{firstName='BDEBCABBAEEDC', lastName='ACAFCBACDABCF'}
CustomerName{firstName='DFBBFDBABCABFFCFADD', lastName='DEBECFAFBACDDA'}
CustomerName{firstName='BFEECCDACBCBE', lastName='AFAAACADE'}
CustomerName{firstName='ECDDEBABAEDEE', lastName='BFBECECDECCF'}
CustomerName{firstName='AFBBAAECADCA', lastName='EEFBFBAFEACDBDE'}
CustomerName{firstName='BDFEDAFFDECCDBF', lastName='BDEBAEBDDEDBADB'}
CustomerName{firstName='BADBEFDEEDDDFAC', lastName='ADEBEEBFAEB'}
CustomerName{firstName='FAAEEBFCFDBAD', lastName='FFFABBBFBCEB'}
CustomerName{firstName='CECFDFBDBBAE', lastName='BBDCCBDBCFB'}
CustomerName{firstName='BFDCACAEEBDAFB', lastName='FBAEAAEB'}
CustomerName{firstName='DEAAECAD', lastName='DEFDDEFFCA'}
CustomerName{firstName='BACEADEFBA', lastName='EBFCFAB'}
CustomerName{firstName='ACFFEFAECEBDAB', lastName='EBBECDFDEB'}
CustomerName{firstName='CFAEEACFDC', lastName='CCCABADAFAABEC'}
CustomerName{firstName='FFDEADC', lastName='ACEEBBEBC'}
CustomerName{firstName='DDBEFACCEFAE', lastName='EDBBAAABCEADCCB'}
CustomerName{firstName='BBEFFBDDECE', lastName='ADCCAAAAEABDCFDB'}
CustomerName{firstName='CECFEDEDEBCCCEBDEE', lastName='FACAAABADACDEA'}
CustomerName{firstName='DCBBCABACDE', lastName='BDCFEADBFBCDC'}
CustomerName{firstName='EBAACCFCAC', lastName='FBADCCEBACB'}
CustomerName{firstName='BABEAAEDAFBDE', lastName='DCEFAEA'}
CustomerName{firstName='DCABAEBDEEED', lastName='FDDDBCDDB'}
CustomerName{firstName='DBCDABEEAFEFBAE', lastName='BCFFABCCDFAD'}
CustomerName{firstName='AFBBDDBEC', lastName='ACAABAFCBCD'}
CustomerName{firstName='BDDDFDEABBAEDCCDDB', lastName='ECCBBFBFB'}
CustomerName{firstName='DFEABADBBCA', lastName='FBBAAEFBCFCCE'}
CustomerName{firstName='FEABFCFBBBEDA', lastName='ACEFFFBCBACAAADCABDEC'}
CustomerName{firstName='CAAACDADEFFFF', lastName='FEACCAD'}
CustomerName{firstName='EACAADBAEF', lastName='ADDBEABEBC'}
CustomerName{firstName='DAEBBBEBBAFBC', lastName='CFBAEBCEBFE'}
CustomerName{firstName='DADCAACFFECF', lastName='FCEFBADCBC'}
CustomerName{firstName='BCCBDBBCAEACCA', lastName='EBEFBEFB'}
CustomerName{firstName='AACCADDDAEAB', lastName='EEBFACDCF'}
CustomerName{firstName='EEACBEFBDDCF', lastName='AADADACABCBE'}
CustomerName{firstName='CAECFAADDAFC', lastName='AFFDDDDF'}
CustomerName{firstName='DACBEFABADB', lastName='EEEABCDBBC'}
CustomerName{firstName='CADACFB', lastName='BEEBACBFBBFEDA'}
CustomerName{firstName='AEBFDBDEAEF', lastName='CAEAFBEDAAFDECE'}
CustomerName{firstName='DCACDACABF', lastName='FDFBCFDC'}
CustomerName{firstName='DDCEEABADAACAE', lastName='ADDAECFBEDECD'}
CustomerName{firstName='CBCCDFBC', lastName='DEEFEDAF'}
CustomerName{firstName='EABFFCCAEFDB', lastName='FBEAACAACEDDEA'}
CustomerName{firstName='CECFCEAABEEBCA', lastName='FDFBCFADBC'}
CustomerName{firstName='AEDFDCDCBBFDFBBD', lastName='AEDFDCFEFCBDCDF'}
CustomerName{firstName='EACAADFFAAFDF', lastName='ACDFFBBECCFDFFEECB'}
CustomerName{firstName='EFACCEFAEC', lastName='BBEABBACCBCD'}
CustomerName{firstName='EDFAECEAFFFCEDCA', lastName='FDCCFFFAECEBC'}
CustomerName{firstName='CBADAFCCE', lastName='EDFFAABDDABEEB'}
CustomerName{firstName='DDAFDDDAEEBABA', lastName='ACCCABEBB'}
CustomerName{firstName='ECCAEFADAAAAAEBCC', lastName='AACDFBEFDAFAA'}
CustomerName{firstName='CDADABFACBAB', lastName='EFCDCBECEE'}
CustomerName{firstName='DAAFCBAEEEC', lastName='EDABEAFBABEDAFBD'}
CustomerName{firstName='AFABBCABAD', lastName='CDADFB'}
CustomerName{firstName='DBAADAEEBF', lastName='DFBECDBFBCDEEE'}
CustomerName{firstName='AECECCBEADBADE', lastName='BCFECEBDFAFCFF'}
CustomerName{firstName='DFCCACDAEDF', lastName='AFACFDECFABCFA'}
CustomerName{firstName='DCBCBEDADCD', lastName='FACAFDBCFCD'}
CustomerName{firstName='BBCADFADBCFFAA', lastName='FCCDEFFFADFEACAB'}
CustomerName{firstName='CAECCADDAFB', lastName='CEEFEECBDBFED'}
CustomerName{firstName='EDADBEECF', lastName='FAFDFDEB'}
CustomerName{firstName='AFEDABBBFBABAEE', lastName='AEDBABECDEAF'}
CustomerName{firstName='FBAFACCE', lastName='DAFADDDEDFE'}
CustomerName{firstName='DFBBADDBEBAEC', lastName='AAADCABAFD'}
CustomerName{firstName='BAAECFFCEECD', lastName='CEACBCCEDFEF'}
CustomerName{firstName='FACAFBBFC', lastName='EDDEACBCC'}
CustomerName{firstName='ECCCAAEDABD', lastName='EFACFDDBFDCCBACDFA'}
CustomerName{firstName='BECDCCABECBAE', lastName='CDBEFBFAFDBBC'}
CustomerName{firstName='EACACDBF', lastName='ECDAFDAEDEEBBF'}
CustomerName{firstName='CAEFDBEB', lastName='AEBCDDEEECADABDCEB'}
CustomerName{firstName='DEFDFDDCFEFEEE', lastName='BDAEAFCD'}
CustomerName{firstName='FEEFEECBEAD', lastName='DEEBBABFF'}
CustomerName{firstName='EBBAFED', lastName='DBCECEAACBFBCFA'}
CustomerName{firstName='FADFCABAFBACABDE', lastName='CFFEEDFFCCA'}
CustomerName{firstName='EAECFBDDFE', lastName='DFDBFEACFC'}
CustomerName{firstName='FCBCFAFAE', lastName='DBDEFCBEEEDAAE'}
CustomerName{firstName='FDCDFFBEFFCF', lastName='ADBDACBAEFDAAE'}
CustomerName{firstName='BDACAEAEAB', lastName='DDDEDDAFFFDF'}
CustomerName{firstName='DAABBDEAECDF', lastName='CEDBECAC'}
CustomerName{firstName='FDABDDCDDAFAACDDCF', lastName='EBFBBACDCE'}
CustomerName{firstName='EFEDAFCCDAE', lastName='FFDDEABBBBEEAC'}
CustomerName{firstName='CFDFAAAEFA', lastName='EFBCAECFFFAAEAAC'}
CustomerName{firstName='AFBDFBABADFCBFEB', lastName='ACDFCEDFDF'}
CustomerName{firstName='FECBBDBCEECDFDFCA', lastName='EEACDFBDC'}
CustomerName{firstName='ACDDFEBFEFDACF', lastName='CCBCFECDFDFE'}
CustomerName{firstName='EFAEEBBBCF', lastName='DDBFFDFDAD'}
CustomerName{firstName='BBFEAFF', lastName='FACADFADFADF'}
CustomerName{firstName='ACEDCAC', lastName='FABCFDEBEFF'}
CustomerName{firstName='DAEDEADFBFBFCBEACC', lastName='BBAFFECDFD'}
CustomerName{firstName='FCEEBDEA', lastName='EFADBAAEFDEFFCBEA'}
CustomerName{firstName='CDAEEDFA', lastName='CDEEBFDCD'}
CustomerName{firstName='ACECEBEBFDDC', lastName='FCBBDBBAECB'}
CustomerName{firstName='BBACEEAAFCCA', lastName='ACBAFEFFDA'}
CustomerName{firstName='CEBEEACCECF', lastName='CDCDCCEFAFCDC'}
CustomerName{firstName='BDAACBFB', lastName='CFCFCCACAEECFCF'}
CustomerName{firstName='EEBBBDBDFBFFDE', lastName='FDECDDCFDFBC'}
CustomerName{firstName='AEBBFEADBADAFCCED', lastName='BABECBBEACB'}
CustomerName{firstName='DBBABCFCFBEE', lastName='EFADFEFAEDC'}
CustomerName{firstName='ACAFBDDD', lastName='DDDFAEDEDA'}
CustomerName{firstName='BDFBDBBBCDC', lastName='AEABBADACEFCDB'}
CustomerName{firstName='FBCFBFBADCBDFFB', lastName='AACBEAEFFD'}
CustomerName{firstName='DFBBEBAAAD', lastName='ACBFAABEDADE'}
CustomerName{firstName='DAFBAACDBECFB', lastName='DEFEBAAEECC'}
CustomerName{firstName='BCECBABCBBD', lastName='EEFDDCCDAB'}
CustomerName{firstName='BCEABDCEFB', lastName='ECAAAEFDBFEEEFC'}
CustomerName{firstName='DCDFDBEFFB', lastName='FAADBDCEDBFBED'}
CustomerName{firstName='BEAEFCAEFFEEF', lastName='EADEDC'}
CustomerName{firstName='DBCDBBBCA', lastName='DBEADEADCFDFCE'}
CustomerName{firstName='DAAFFAFAB', lastName='BCBCDFCEABCAA'}
CustomerName{firstName='ABECDBFE', lastName='CAEDBBEBDAFDEDB'}
CustomerName{firstName='DABBBFAED', lastName='BAFBAC'}
CustomerName{firstName='AAFFBBBCBECD', lastName='DBBEDBABB'}
CustomerName{firstName='EFDE', lastName='ACDDBFCAFDF'}
CustomerName{firstName='CFDDBAAFDDACBD', lastName='EDBBDEFBFBECA'}
CustomerName{firstName='ACDEEACA', lastName='DCFDEBEDFDCE'}
CustomerName{firstName='AFCDADCECADACECA', lastName='EDEFDDABBDFBBF'}
CustomerName{firstName='EEFAEAEADFBAEBD', lastName='DEECAFCCBC'}
CustomerName{firstName='EDAAAADE', lastName='DEEFDEACFA'}
CustomerName{firstName='CADFBCEBFAB', lastName='ECCEDBDFAABA'}
CustomerName{firstName='FBFDBBEFACF', lastName='EECBFFACDDACBABEF'}
CustomerName{firstName='AEEFFCAFCFBB', lastName='DCDCFBFC'}
CustomerName{firstName='CEECCAACDECD', lastName='EBCEFAEBAFCABBB'}
CustomerName{firstName='AABAFDBCBCBBFFC', lastName='AABFCCEAFECD'}
CustomerName{firstName='DEEFACACAEBB', lastName='EAAECDDEAFDBDFA'}
CustomerName{firstName='BEBEAEBBECEE', lastName='AFAEAAAACEBFE'}
CustomerName{firstName='FEAFDAEE', lastName='BACBACDDABC'}
CustomerName{firstName='BFFBAEEEAF', lastName='EFDAAEEBFBDC'}
CustomerName{firstName='FCCCDFDFCAEBC', lastName='CBAEDCCFD'}
CustomerName{firstName='FFFCFEFFAABFECA', lastName='ADCBFBBFEEBA'}
CustomerName{firstName='CFAEEAEABBDE', lastName='ADECFBAFEABFBCEEA'}
CustomerName{firstName='FCDBEBCCFBFBCABDCEFB', lastName='DADDBEBBF'}
CustomerName{firstName='FCEFCCFBCFC', lastName='FDFAFDDB'}
CustomerName{firstName='CFCAECFDDEFB', lastName='EADDDFBACCF'}
CustomerName{firstName='FEDABAFBECCA', lastName='FDBAAAABFBDA'}
CustomerName{firstName='BEADFBEEFABC', lastName='ECEEFBDEFDEFBD'}
CustomerName{firstName='BEDDBDBF', lastName='CFDFECFFFE'}
CustomerName{firstName='AAABABEBCCEBAFAB', lastName='EABECCCCD'}
CustomerName{firstName='ABFFBFFFCE', lastName='FEEEAEACBADBEBA'}
CustomerName{firstName='FCEEFCFCABEAF', lastName='EAECBDABFFFE'}
CustomerName{firstName='CFFFAEEEBECFDE', lastName='BCEBCADAFB'}
CustomerName{firstName='DBAAABDAFBACD', lastName='ADDCBAFEDABCDEDBBC'}
CustomerName{firstName='EDBFEBC', lastName='DEFACABEE'}
CustomerName{firstName='CABFDEBCBCAACEDFD', lastName='FFCBACDAADADAAEE'}
CustomerName{firstName='FDECEDBEEDBEF', lastName='FDEFCFDEFB'}
CustomerName{firstName='BACEDCACFFCFDA', lastName='CDDCBAABFAEFBF'}
CustomerName{firstName='CCAFBAAFA', lastName='FFFDDBBECFFDA'}
CustomerName{firstName='DFEFBCAAFFEBFA', lastName='DCAFBAEAFFAAA'}
CustomerName{firstName='DBFFEEDAEBF', lastName='BACDBDEECFDD'}
CustomerName{firstName='EBCAFFDEFD', lastName='CDDBDCFFCDBFA'}
CustomerName{firstName='AFFCBEDAEDCCB', lastName='BFDACEFBB'}
CustomerName{firstName='DBCDCFACDAFBE', lastName='CCAFAADEBD'}
CustomerName{firstName='AFDBBABEFA', lastName='EABECEE'}
CustomerName{firstName='ECBACBDADAFBEB', lastName='CEBAEDAAFDE'}
CustomerName{firstName='BBFCAAFBFDB', lastName='EDBEDACBDDCE'}
CustomerName{firstName='DBBBBBAEFADE', lastName='FDBFFE'}
CustomerName{firstName='CFAAADBCBDCDE', lastName='DAEACAFCDBFFEAE'}
CustomerName{firstName='BAAACFF', lastName='FDFAEEAFFB'}
CustomerName{firstName='ECFCCAEAAE', lastName='DDDECDCFADFDEBB'}
CustomerName{firstName='DAADFDFEADCBE', lastName='ACCDEEBEDEFED'}
CustomerName{firstName='BDBBEBDBFBF', lastName='FFDCAAACDF'}
CustomerName{firstName='ABADDEDACEDAADAA', lastName='DEEAFEBBAEB'}
CustomerName{firstName='EDBEADAEEBDD', lastName='CABDFACBFCCEC'}
CustomerName{firstName='EFBCAABEBFBBDDDA', lastName='EFECADCABFEAC'}
CustomerName{firstName='FAABFACFCFFBE', lastName='FEEBFFFEAFCBFEB'}
CustomerName{firstName='ABADBACDACFDE', lastName='AFEBBADAFAECBA'}
CustomerName{firstName='BEBADAA', lastName='CDFAEAECBDEB'}
CustomerName{firstName='AFBCFCDBFE', lastName='DEEBDDCFFDFDDFFFE'}
CustomerName{firstName='CFCACDBFBAD', lastName='DFDABFACCEAB'}
CustomerName{firstName='BFCFEEFBD', lastName='FACEDABFA'}
CustomerName{firstName='FCFADFBF', lastName='BBDFEC'}
CustomerName{firstName='FEFBDEEBFFBC', lastName='AFAACEACABA'}
CustomerName{firstName='FBCEDCAACD', lastName='ABCFDFACBBFB'}
CustomerName{firstName='CECDFCACCCAEEC', lastName='BDFCBBFDDF'}
CustomerName{firstName='EACAEBADEDBF', lastName='CFFAECAEDEAFBC'}
CustomerName{firstName='ACDCCDEDBD', lastName='ACAEDFEBCBCFEADEFC'}
CustomerName{firstName='AFFBCEDCAA', lastName='BDAFADAACFF'}
CustomerName{firstName='AABAACCCDD', lastName='DECBCAEBDABEF'}
CustomerName{firstName='FBDABADBCFAD', lastName='FFFDBDEDDCFD'}
CustomerName{firstName='CCFCFABCCDAC', lastName='ADCEFBBDFBCF'}
CustomerName{firstName='AFBBEDDEEB', lastName='CEDABEDFBEFBC'}
CustomerName{firstName='BEABFBDAEDCBECBBB', lastName='EBACECFEFFFBF'}
CustomerName{firstName='ABDCFBABDEFAAD', lastName='CCDFBAAEDDFEDBC'}
CustomerName{firstName='DDDECAAECCCF', lastName='EBDDEAEEFAEF'}
CustomerName{firstName='DEABADFBAEFFDF', lastName='DACDABFEFDBA'}
CustomerName{firstName='FEEDACFDCFA', lastName='AFFEEBFDBCCBEAAEB'}
CustomerName{firstName='CFBFABCEEFADBD', lastName='DAEDECBCCFDAE'}
CustomerName{firstName='CEEFCFDCEBDF', lastName='FFCEACCBE'}
CustomerName{firstName='BBBFEBAABEBD', lastName='EACFAAFBEFAFFE'}
CustomerName{firstName='DCABDECBAECBFEE', lastName='CCBEFDDDEAFFDDAE'}
CustomerName{firstName='ABEAFFCD', lastName='BDAFDDACFFADFFF'}
CustomerName{firstName='BFFCCAEBACDE', lastName='DDBAFDEABCBA'}
CustomerName{firstName='DDFFFFEEBFBCFAD', lastName='EFFFCFDD'}
CustomerName{firstName='CFDBDDABEBDCCDEA', lastName='CAEDCDEEBDEA'}
CustomerName{firstName='DFDBABEBDC', lastName='CCFEBCCF'}
CustomerName{firstName='BDCDBACBCEFEF', lastName='DAEBDEEEABA'}
CustomerName{firstName='EFDAEEA', lastName='ABDADEEFDDC'}
CustomerName{firstName='BDCAEEEBFEFCE', lastName='AFDBBEDCBCB'}
CustomerName{firstName='DCFABAEBBC', lastName='BDCFFECCDAF'}
CustomerName{firstName='DBECEEE', lastName='CACDEFEFBDCBECE'}
CustomerName{firstName='CABCAFAECC', lastName='ACFDDACACBBB'}
CustomerName{firstName='FBAADFBAAAF', lastName='EDBEEDCFBCBACAD'}
CustomerName{firstName='ABDADDDAEAEDAEAF', lastName='DFFCAEBEFCFABFAC'}
CustomerName{firstName='DCAFDBEFEF', lastName='CBEBDDFCEBECB'}
CustomerName{firstName='FDFABFDDFD', lastName='BCBEAEFBAAAE'}
CustomerName{firstName='EABBFFCAEBEC', lastName='CBDDBFCCACEDFEA'}
CustomerName{firstName='EBFFAEFACBDCF', lastName='ECCBFAEBCA'}
CustomerName{firstName='EAFFEDBADBDEBA', lastName='BBCDACADC'}
CustomerName{firstName='CDFDECACFCCFE', lastName='CFDCEDCAEAABCA'}
CustomerName{firstName='CFECCBABDEAED', lastName='DFBAABAECAFA'}
CustomerName{firstName='BCDBDBFBBC', lastName='BBEDAEFDDE'}
CustomerName{firstName='DDDCADEBFEEF', lastName='FCFFEABCDAE'}
CustomerName{firstName='EDDAABADBDFD', lastName='AAFBBBBEABA'}
CustomerName{firstName='CACCCBDEDCCCBF', lastName='CDBFAEDBACFAEF'}
CustomerName{firstName='EABEEAAACBCDEEE', lastName='BBFBDBAFFBDAC'}
CustomerName{firstName='EEFBDADFEAAA', lastName='CEEBBCEACC'}
CustomerName{firstName='FDBFACDBCF', lastName='ACBBCDAF'}
CustomerName{firstName='DECBFEBCAFDDE', lastName='FEAEEBDBEBBEC'}
CustomerName{firstName='ACADDCFAFEA', lastName='BBACAAAAFFEFB'}
CustomerName{firstName='FDDDDFEDCBFBFAF', lastName='CAFEFAAEEDB'}
CustomerName{firstName='AFBCEDFFABAA', lastName='AEBACCBCDEF'}
CustomerName{firstName='FCAAACEFDEF', lastName='CCCDCFACEEAAF'}
CustomerName{firstName='CBADDADAFDF', lastName='ABFCCDAADF'}
CustomerName{firstName='DBEBBFABFCEBDC', lastName='DEDCEBCEBA'}
CustomerName{firstName='EBFBBAFACFEADEBCE', lastName='FEBBCBDBE'}
CustomerName{firstName='FCEEBEDFEEDB', lastName='FDCBBABCFDCEBBD'}
CustomerName{firstName='ADFCFAAB', lastName='CACBFACCBAEE'}
CustomerName{firstName='FBADCACFBF', lastName='FCCABBB'}
CustomerName{firstName='DCECEEEFCCEE', lastName='CACEDEFCAEECAB'}
CustomerName{firstName='EFEEEFBCFBCDDE', lastName='EDEBEFCDFEC'}
CustomerName{firstName='BCCCDAB', lastName='EFBDCDBBEADDDFEE'}
CustomerName{firstName='CFCAAEDFECFCC', lastName='DBABAFAAACFA'}
CustomerName{firstName='FCCCBEFCAFC', lastName='BBCCBFBFADFCCBE'}
CustomerName{firstName='ACDEDEABDAECDCAB', lastName='CACDBCDFFECED'}
CustomerName{firstName='BDAEAFBBCFDDADBB', lastName='EEAAEFCDFEC'}
CustomerName{firstName='FDCDEABDAFEAC', lastName='CFFCFADFFFC'}
CustomerName{firstName='DFECDABCEDEDFABFB', lastName='FACDEEADBEBDE'}
CustomerName{firstName='EDBFCFAEDBDB', lastName='ABDDEBDBAEBFA'}
CustomerName{firstName='CCCBAEADCAAAAF', lastName='BDDABDCBBAAFA'}
CustomerName{firstName='CBFABDDBDFAB', lastName='BCACAEBBCAE'}
CustomerName{firstName='EFBFDBFB', lastName='EDFAAEBBCAADE'}
CustomerName{firstName='ACBEFCDABDCCCABB', lastName='FDECABABCA'}
CustomerName{firstName='AEBBAEBDCCDDAE', lastName='BCFAAEBFFFEADA'}
CustomerName{firstName='EBEFCBFBA', lastName='CFAABEBCAFE'}
CustomerName{firstName='FACDAAFED', lastName='EBEFDEDBDE'}
CustomerName{firstName='EEFFAABEA', lastName='AFCAABADBABAAC'}
CustomerName{firstName='BCFFAABBCBFFCFCCB', lastName='EACBADBCBCCC'}
CustomerName{firstName='EDDCCC', lastName='BFCDEACFFBFECD'}
CustomerName{firstName='EFEBBBAECEDD', lastName='BACEAABAABBA'}
CustomerName{firstName='AFAAFEACAABFE', lastName='AABBCEBCC'}
CustomerName{firstName='DFEDCDFBCAA', lastName='DEECAAADC'}
CustomerName{firstName='FFBBBCBCACED', lastName='FCAFDFCFCBDACCFC'}
CustomerName{firstName='EBFBEEDBBECC', lastName='BFCECACAAADBFFC'}
CustomerName{firstName='EDEFFACEAEA', lastName='EAEAECAEFAA'}
CustomerName{firstName='CDAAEAFCADEBCF', lastName='DFCAFDCACCECAEE'}
CustomerName{firstName='FDFCAA', lastName='BEBCCDCAEFECFB'}
CustomerName{firstName='EDBEECFCD', lastName='FAFAAFBBBECBDED'}
CustomerName{firstName='BEFEFBBEFDA', lastName='ADAFCEFCF'}
CustomerName{firstName='EADCBEDDAAFEBFD', lastName='DAFABBDADBAE'}
CustomerName{firstName='FADFAFAAAEC', lastName='EADBDAABF'}
CustomerName{firstName='AFFDFAAABFDBFEDFAA', lastName='FACEABFEFFF'}
CustomerName{firstName='DACFCCECEED', lastName='FDEDAECEAAACECAD'}
CustomerName{firstName='FEFFECBAFCEFEBC', lastName='EACCFAEBCBDCDC'}
CustomerName{firstName='FAFBABFEB', lastName='EDACBABBAAAEFFA'}
CustomerName{firstName='AABBCAEBDAFAC', lastName='BAEDACDBAEBCDFACC'}
CustomerName{firstName='CCFFEACD', lastName='DFCCCACB'}
CustomerName{firstName='DCFBCAEA', lastName='FBBBCEFEBFAEDC'}
CustomerName{firstName='ABAFADABEBFBBD', lastName='BDCDACEDBACE'}
CustomerName{firstName='FBEFFACCAE', lastName='DDEDBFACFFABCFFAA'}
CustomerName{firstName='CBEFECEACF', lastName='FBDFFDBCABBB'}
CustomerName{firstName='BBDDDABBABDBEF', lastName='BEABEEFBEDE'}
CustomerName{firstName='DFFFBEEF', lastName='BABDABAEBCAE'}
CustomerName{firstName='DAFEEDDBCBBBE', lastName='DBDBEECCBCC'}
CustomerName{firstName='ACBAFCEBEAAFAE', lastName='FFACBBBDECEB'}
CustomerName{firstName='BAEEBFAE', lastName='FABEEBACEACCB'}
CustomerName{firstName='EBFDCFCFB', lastName='CDEDBCBFDD'}
CustomerName{firstName='BCACCABBADFFA', lastName='DECADADCBACF'}
CustomerName{firstName='ACDCABCBBCFE', lastName='CADFEBCFEFFDAD'}
CustomerName{firstName='ABFFABBEDCE', lastName='AFCABBFCEB'}
CustomerName{firstName='DCDBBBDCDEEBC', lastName='DAAEAEDFAAE'}
CustomerName{firstName='EDEEFBECCBFB', lastName='DBEABCBBB'}
CustomerName{firstName='ACBCCEC', lastName='BDFFEABDABD'}
CustomerName{firstName='CAAABFBAACCDDBBE', lastName='AEBCCCFECAB'}
CustomerName{firstName='DBFABBCBADEAB', lastName='DAAEAAFFCDDBCABB'}
CustomerName{firstName='AFBADEBCCAFCAAFC', lastName='FECEBABABA'}
CustomerName{firstName='CCFFFEAFBEA', lastName='EBBDEBEBCCABBEC'}
CustomerName{firstName='FCFEEDAFDDBBD', lastName='BFFDDBCADDFCA'}
CustomerName{firstName='EFFFEBBBEEA', lastName='CFBDBBCEFBABBEBEECA'}
CustomerName{firstName='CFAEACFCEBE', lastName='FEDDDCCDBCDCCA'}
CustomerName{firstName='CCACAADEFAAFCDA', lastName='BEEDAEBBACBED'}
CustomerName{firstName='AFAEEAECEBEEAECBF', lastName='CACBBCBEAACEE'}
CustomerName{firstName='CFFEBBFBEA', lastName='BDBFDAAFDDFF'}
CustomerName{firstName='DEDFFCA', lastName='EEABFABDBDCDDDC'}
CustomerName{firstName='ACABFEABBBFEF', lastName='EEFADDDDDED'}
CustomerName{firstName='FBCACBEFD', lastName='DCFDFCDCFDAF'}
CustomerName{firstName='ADAEEABDDAEF', lastName='DFBBCEFBAFFA'}
CustomerName{firstName='CDDCADDDAF', lastName='CEBEBBFFFEA'}
CustomerName{firstName='AFCFCDFBFFDDDBB', lastName='BFBCADEFEDD'}
CustomerName{firstName='CDBCCFBFFEACDFACA', lastName='BDFDEBEBACF'}
CustomerName{firstName='DBAEBFCCFAF', lastName='FFCDEDA'}
CustomerName{firstName='EFDBEAFEEFB', lastName='ECFACDACDDAB'}
CustomerName{firstName='BADEEBDBAFDBE', lastName='EACCCFDCBFDEACEC'}
CustomerName{firstName='DCEDACEBBACFDB', lastName='FFFBBCBDFD'}
CustomerName{firstName='DAFACABAACDCB', lastName='DFAEBDEACEABAB'}
CustomerName{firstName='FCFAEFCCE', lastName='FCDCDAADCDEBA'}
CustomerName{firstName='FEEAAAEECBCCFC', lastName='FBEBEFBFBFEDCD'}
CustomerName{firstName='FBEFCEDCADBEEEFCF', lastName='BBBBDACBDFEEEDF'}
CustomerName{firstName='BBACBBAAAEBA', lastName='CCDCCEAABBCDEEF'}
CustomerName{firstName='ADADAFACEC', lastName='AAFEFEAADBBEABB'}
CustomerName{firstName='ECDCCCFFDD', lastName='AEECDBAACE'}
CustomerName{firstName='CBDAEBFCEEEF', lastName='FDBCBECACFFC'}
CustomerName{firstName='BEBCCEBBDBFFCBC', lastName='EFBDBFBBA'}
CustomerName{firstName='ECFACCFBEFEB', lastName='DABCDBFBCDD'}
CustomerName{firstName='EAEFBDBDACDCAF', lastName='DCBEDAFFAC'}
CustomerName{firstName='ACDBBCDABBDAACA', lastName='DCCFCACCAEBEABD'}
CustomerName{firstName='BCBECEBABFFFFC', lastName='BDCADECA'}
CustomerName{firstName='BAAEBFDEAEAFADF', lastName='ABCBCABEEDC'}
CustomerName{firstName='DEABBBBDDF', lastName='CCEBDEBFAFF'}
CustomerName{firstName='EDAA', lastName='BDABBDDEFFAB'}
CustomerName{firstName='ABFACECBBAAECCECA', lastName='BFAFCDABCECF'}
CustomerName{firstName='EAADFDFDBC', lastName='FDFDACCDDADFFD'}
CustomerName{firstName='DFEAECDBAAEDBCDAC', lastName='CEFCDACCDFFF'}
CustomerName{firstName='BAEEBABFFFECC', lastName='FAAABFF'}
CustomerName{firstName='AECAADEFCD', lastName='AFEAAAAF'}
CustomerName{firstName='EAEAFBFEA', lastName='BCBEABAD'}
CustomerName{firstName='CDACCBEAEFCF', lastName='ABAADBFFC'}
CustomerName{firstName='BBBAEEEAFEDBFB', lastName='ABBFEFEEABC'}
CustomerName{firstName='DAABE', lastName='BDADBAADBEFE'}
CustomerName{firstName='AEFFECDEBADABFE', lastName='AFBDDCAFBCEEDD'}
CustomerName{firstName='FAFFFADABCDBF', lastName='FCABCEABBAEACB'}
CustomerName{firstName='CADCBBDDACCB', lastName='ACADCBEFAEECCCEADA'}
CustomerName{firstName='EFEAADCDEBCABAB', lastName='EDEBAABCAEAFAE'}
CustomerName{firstName='DCCFCAADFACBFEE', lastName='EDCDDCCDDC'}
CustomerName{firstName='BDCCBBD', lastName='FFAEBABEAD'}
CustomerName{firstName='ACCDBBCEDBFBE', lastName='CDACBEFEEF'}
CustomerName{firstName='FDAAEBBFEAFD', lastName='ECBECADBBDBFCDDA'}
CustomerName{firstName='EBBDACBFACDCDFC', lastName='BDBBDAEDFECF'}
CustomerName{firstName='FCABEBAECEBC', lastName='FBDFBBEAAFCDCD'}
CustomerName{firstName='DEBDACEFC', lastName='EFFCBCBDDDFDCE'}
CustomerName{firstName='ACFDFEACABFCC', lastName='DCEEACAAEB'}
CustomerName{firstName='ECBEAFFCBEFFBF', lastName='EFFADCFFC'}
CustomerName{firstName='EDDABE', lastName='CEEACBEEEBA'}
CustomerName{firstName='BDDBEEDDCBEBFFA', lastName='DDEFEF'}
CustomerName{firstName='FEBAFAEFBBCD', lastName='EAEFFEACDDF'}
CustomerName{firstName='FCEDBFFADDBC', lastName='CBCABDAFAFCDAFB'}
CustomerName{firstName='CECCBEAFCFFBAAF', lastName='DDBFEAFFBCDAAC'}
CustomerName{firstName='ECBDBFABDFBCAB', lastName='DFFDEABDABB'}
CustomerName{firstName='FEEFBABFAB', lastName='AEFFBBCBABDFB'}
CustomerName{firstName='EABCBBBAEC', lastName='ACAEADACEFFBC'}
CustomerName{firstName='ECAEBDFEEB', lastName='DECDDCCBC'}
CustomerName{firstName='FAEAFECEDCEE', lastName='ECFDAFBBDEDFAB'}
CustomerName{firstName='FCFBAECEAAB', lastName='BAFCAABFAFD'}
CustomerName{firstName='EFDFBFDBAFD', lastName='DAEBDCFDAFAAD'}
CustomerName{firstName='DCFADBEDEFF', lastName='FBEBDEEFEEC'}
CustomerName{firstName='AECBFBCAEAAFAE', lastName='FCEBEDBEFAAFA'}
CustomerName{firstName='BEDECDBBAFDDC', lastName='FEBACCEBBEFABFC'}
CustomerName{firstName='CDFAAACAFAFDDEE', lastName='DAAFADDC'}
CustomerName{firstName='ADCFCBBBACF', lastName='ABEBEFDFED'}
CustomerName{firstName='FFFFFEFDFFBAFCA', lastName='ECCAAFEFAB'}
CustomerName{firstName='DFDEBCBBAFF', lastName='CAECDBBADFCE'}
CustomerName{firstName='BFFCBDEBDAA', lastName='DBABDFDECD'}
CustomerName{firstName='DDFBFFF', lastName='DEBAEBFBFEE'}
CustomerName{firstName='FBBEFAACAAEDEEE', lastName='CADDECBFFBD'}
CustomerName{firstName='AEAAACCAAFEEE', lastName='DECCEADBEFCDEC'}
CustomerName{firstName='FEDCEDFFEF', lastName='BCADFAACEDEBCA'}
CustomerName{firstName='DCEECFFBEE', lastName='BDAFBDABFDFC'}
CustomerName{firstName='BEACAAABDCBC', lastName='DDDCBCAA'}
CustomerName{firstName='EEAFCBAF', lastName='DDEFDBCBDCC'}
CustomerName{firstName='FEEEBDBDDB', lastName='ECEFDADCBDADCABB'}
CustomerName{firstName='EFDDBCEBABC', lastName='DCFFAAACFEAAECE'}
CustomerName{firstName='ADDAEAACFC', lastName='DDDCBFACABEAAC'}
CustomerName{firstName='BDABFABECA', lastName='CFBCAFFD'}
CustomerName{firstName='EAACDACC', lastName='EECDEBEEEE'}
CustomerName{firstName='BBCDDCEFBDC', lastName='EDBACAFE'}
CustomerName{firstName='BDDCCCFFAEFC', lastName='CAABDEF'}
CustomerName{firstName='AACFAACEACADEED', lastName='CFDBCCC'}
CustomerName{firstName='BBDBACFBDABA', lastName='FADCEDAECAFECBB'}
CustomerName{firstName='BABFECEA', lastName='BDAECECACDAACAF'}
CustomerName{firstName='FDDACCECACDFBC', lastName='BBACABBA'}
CustomerName{firstName='CDCCAAACCDECD', lastName='EDCFBAECBEFB'}
CustomerName{firstName='AFACBBAABAFB', lastName='EBAFFBEED'}
CustomerName{firstName='EBFBFCACEFEC', lastName='CBBEDBCBAAB'}
CustomerName{firstName='AECEBDEAEE', lastName='DFCFEAEACDDEE'}
CustomerName{firstName='EBEEFDFBBA', lastName='CEBEBAACCECAE'}
CustomerName{firstName='EFDFDBBDBBBEFE', lastName='CCFDDEFDABDC'}
CustomerName{firstName='DEFDDEBEECEFDCABA', lastName='BFECADEFBEAB'}
CustomerName{firstName='DBCFAABAFA', lastName='FAFFFCFABAFEDBCA'}
CustomerName{firstName='EBFDACDCD', lastName='CBBABEEFCDD'}
CustomerName{firstName='EACCCFBBBAD', lastName='BCDADBEEECF'}
CustomerName{firstName='EBDAFEDCAFDAFE', lastName='DEADDF'}
CustomerName{firstName='CCECFFBACDABBCC', lastName='FEDABEFEBDCFD'}
CustomerName{firstName='EECCEFD', lastName='BBFBFDFAFAEFFCBDC'}
CustomerName{firstName='CADDCBC', lastName='ABCBDCEFABABDACAE'}
CustomerName{firstName='CEBCFEFAEFBBDFCDA', lastName='EEAEDBAA'}
CustomerName{firstName='EFEBCABFF', lastName='CFFDEADBEACBFEBE'}
CustomerName{firstName='BFCDDECFBFD', lastName='DAFBDCCDEC'}
CustomerName{firstName='BAFDEEEFAB', lastName='CCBEFACEFDB'}
CustomerName{firstName='FFACFFCAFCDCCD', lastName='BBACC'}
CustomerName{firstName='DCFEEF', lastName='CEFFFCFAAAAAAA'}
CustomerName{firstName='FABDEFACADF', lastName='AAAFBFDCDBA'}
CustomerName{firstName='BFCFDCCEADBABBED', lastName='ABDEAAECACD'}
CustomerName{firstName='AACCEBEDEDBA', lastName='BFAACDFACBABBE'}
CustomerName{firstName='DACDEAFDDFDF', lastName='EDCBEEBBBE'}
CustomerName{firstName='CFEAAFBCFADC', lastName='DCCCCEDABAFDFC'}
CustomerName{firstName='FBEEADDFADACDE', lastName='EFACEDEE'}
CustomerName{firstName='BEFFACABAAFDE', lastName='AFCCADAACEBCAEEB'}
CustomerName{firstName='BAAFEBDACCEDDACA', lastName='DEEDAAFEBFB'}
CustomerName{firstName='CBDFABCACBD', lastName='DBDEEFBCFEFA'}
CustomerName{firstName='DEABEFACAAAEBC', lastName='EFCCDFAFE'}
CustomerName{firstName='BCFEBDBAAF', lastName='ABADECEEACD'}
CustomerName{firstName='FCFEDA', lastName='FFBCDBEAEB'}
CustomerName{firstName='BBFBCAFD', lastName='AFFACAFECBEAEB'}
CustomerName{firstName='FBFABCCFACECC', lastName='ACFFCAFBCDADD'}
CustomerName{firstName='BAEEFCDFAAFB', lastName='CAECBA'}
CustomerName{firstName='ECEBAEB', lastName='CEADBBFAC'}
CustomerName{firstName='BDAACECBC', lastName='FECFBAAFBADF'}
CustomerName{firstName='CAAFDBBFAED', lastName='CADEABFAABBBEA'}
CustomerName{firstName='BACDAABEB', lastName='AFBECBBEEEAFC'}
CustomerName{firstName='FDFDCAACDCBAB', lastName='DFEBEEBCAEBD'}
CustomerName{firstName='ADAEFDBDAFEC', lastName='ABACCAEEDEE'}
CustomerName{firstName='EBBCFEBFC', lastName='EFBCFDAFEE'}
